The system is: Linux - 3.10.0-862.14.4.el7.x86_64 - x86_64
Compiling the C compiler identification source file "CMakeCCompilerId.c" succeeded.
Compiler: /home/zhifei/App/gcc72/bin/gcc 
Build flags: 
Id flags:  

The output was:
0


Compilation of the C compiler identification source "CMakeCCompilerId.c" produced "a.out"

The C compiler identification is GNU, found in "/home/zhifei/Program_Data/HW_project/switch_fabric/cmake-build-debug/CMakeFiles/3.14.3/CompilerIdC/a.out"

Compiling the CXX compiler identification source file "CMakeCXXCompilerId.cpp" succeeded.
Compiler: /home/zhifei/App/gcc72/bin/g++ 
Build flags: 
Id flags:  

The output was:
0


Compilation of the CXX compiler identification source "CMakeCXXCompilerId.cpp" produced "a.out"

The CXX compiler identification is GNU, found in "/home/zhifei/Program_Data/HW_project/switch_fabric/cmake-build-debug/CMakeFiles/3.14.3/CompilerIdCXX/a.out"

Determining if the C compiler works passed with the following output:
Change Dir: /home/zhifei/Program_Data/HW_project/switch_fabric/cmake-build-debug/CMakeFiles/CMakeTmp

Run Build Command(s):/usr/bin/gmake cmTC_77bfd/fast 
/usr/bin/gmake -f CMakeFiles/cmTC_77bfd.dir/build.make CMakeFiles/cmTC_77bfd.dir/build
gmake[1]: Entering directory `/local/home/zhifei/Program_Data/HW_project/switch_fabric/cmake-build-debug/CMakeFiles/CMakeTmp'
Building C object CMakeFiles/cmTC_77bfd.dir/testCCompiler.c.o
/home/zhifei/App/gcc72/bin/gcc    -o CMakeFiles/cmTC_77bfd.dir/testCCompiler.c.o   -c /home/zhifei/Program_Data/HW_project/switch_fabric/cmake-build-debug/CMakeFiles/CMakeTmp/testCCompiler.c
Linking C executable cmTC_77bfd
/home/zhifei/App/clion-2019.1.1/bin/cmake/linux/bin/cmake -E cmake_link_script CMakeFiles/cmTC_77bfd.dir/link.txt --verbose=1
/home/zhifei/App/gcc72/bin/gcc      CMakeFiles/cmTC_77bfd.dir/testCCompiler.c.o  -o cmTC_77bfd 
gmake[1]: Leaving directory `/local/home/zhifei/Program_Data/HW_project/switch_fabric/cmake-build-debug/CMakeFiles/CMakeTmp'


Detecting C compiler ABI info compiled with the following output:
Change Dir: /home/zhifei/Program_Data/HW_project/switch_fabric/cmake-build-debug/CMakeFiles/CMakeTmp

Run Build Command(s):/usr/bin/gmake cmTC_d4933/fast 
/usr/bin/gmake -f CMakeFiles/cmTC_d4933.dir/build.make CMakeFiles/cmTC_d4933.dir/build
gmake[1]: Entering directory `/local/home/zhifei/Program_Data/HW_project/switch_fabric/cmake-build-debug/CMakeFiles/CMakeTmp'
Building C object CMakeFiles/cmTC_d4933.dir/CMakeCCompilerABI.c.o
/home/zhifei/App/gcc72/bin/gcc   -v -o CMakeFiles/cmTC_d4933.dir/CMakeCCompilerABI.c.o   -c /home/zhifei/App/clion-2019.1.1/bin/cmake/linux/share/cmake-3.14/Modules/CMakeCCompilerABI.c
Using built-in specs.
COLLECT_GCC=/home/zhifei/App/gcc72/bin/gcc
Target: x86_64-pc-linux-gnu
Configured with: ../gcc-7.2.0/configure --prefix=/home/zhifei/App/gcc72 --disable-multilib --with-system-zlib --enable-bootstrap --enable-languages=c,c++,fortran,objc,obj-c++
Thread model: posix
gcc version 7.2.0 (GCC) 
COLLECT_GCC_OPTIONS='-v' '-o' 'CMakeFiles/cmTC_d4933.dir/CMakeCCompilerABI.c.o' '-c' '-mtune=generic' '-march=x86-64'
 /local/home/zhifei/App/gcc72/bin/../libexec/gcc/x86_64-pc-linux-gnu/7.2.0/cc1 -quiet -v -iprefix /local/home/zhifei/App/gcc72/bin/../lib/gcc/x86_64-pc-linux-gnu/7.2.0/ /home/zhifei/App/clion-2019.1.1/bin/cmake/linux/share/cmake-3.14/Modules/CMakeCCompilerABI.c -quiet -dumpbase CMakeCCompilerABI.c -mtune=generic -march=x86-64 -auxbase-strip CMakeFiles/cmTC_d4933.dir/CMakeCCompilerABI.c.o -version -o /tmp/ccxRowsL.s
GNU C11 (GCC) version 7.2.0 (x86_64-pc-linux-gnu)
	compiled by GNU C version 7.2.0, GMP version 6.1.0, MPFR version 3.1.4, MPC version 1.0.3, isl version isl-0.16.1-GMP

GGC heuristics: --param ggc-min-expand=100 --param ggc-min-heapsize=131072
ignoring nonexistent directory "/local/home/zhifei/App/gcc72/bin/../lib/gcc/x86_64-pc-linux-gnu/7.2.0/../../../../x86_64-pc-linux-gnu/include"
ignoring duplicate directory "/local/home/zhifei/App/gcc72/bin/../lib/gcc/../../lib/gcc/x86_64-pc-linux-gnu/7.2.0/include"
ignoring duplicate directory "/local/home/zhifei/App/gcc72/bin/../lib/gcc/../../lib/gcc/x86_64-pc-linux-gnu/7.2.0/include-fixed"
ignoring nonexistent directory "/local/home/zhifei/App/gcc72/bin/../lib/gcc/../../lib/gcc/x86_64-pc-linux-gnu/7.2.0/../../../../x86_64-pc-linux-gnu/include"
#include "..." search starts here:
#include <...> search starts here:
 /local/home/zhifei/App/gcc72/bin/../lib/gcc/x86_64-pc-linux-gnu/7.2.0/include
 /local/home/zhifei/App/gcc72/bin/../lib/gcc/x86_64-pc-linux-gnu/7.2.0/include-fixed
 /usr/local/include
 /local/home/zhifei/App/gcc72/bin/../lib/gcc/../../include
 /usr/include
End of search list.
GNU C11 (GCC) version 7.2.0 (x86_64-pc-linux-gnu)
	compiled by GNU C version 7.2.0, GMP version 6.1.0, MPFR version 3.1.4, MPC version 1.0.3, isl version isl-0.16.1-GMP

GGC heuristics: --param ggc-min-expand=100 --param ggc-min-heapsize=131072
Compiler executable checksum: 41f03f886f93dc35d68bf502e83b0905
COLLECT_GCC_OPTIONS='-v' '-o' 'CMakeFiles/cmTC_d4933.dir/CMakeCCompilerABI.c.o' '-c' '-mtune=generic' '-march=x86-64'
 as -v --64 -o CMakeFiles/cmTC_d4933.dir/CMakeCCompilerABI.c.o /tmp/ccxRowsL.s
GNU assembler version 2.27 (x86_64-redhat-linux) using BFD version version 2.27-34.base.el7
COMPILER_PATH=/local/home/zhifei/App/gcc72/bin/../libexec/gcc/x86_64-pc-linux-gnu/7.2.0/:/local/home/zhifei/App/gcc72/bin/../libexec/gcc/
LIBRARY_PATH=/local/home/zhifei/App/gcc72/bin/../lib/gcc/x86_64-pc-linux-gnu/7.2.0/:/local/home/zhifei/App/gcc72/bin/../lib/gcc/:/local/home/zhifei/App/gcc72/bin/../lib/gcc/x86_64-pc-linux-gnu/7.2.0/../../../../lib64/:/lib/../lib64/:/usr/lib/../lib64/:/local/home/zhifei/App/gcc72/bin/../lib/gcc/x86_64-pc-linux-gnu/7.2.0/../../../:/lib/:/usr/lib/
COLLECT_GCC_OPTIONS='-v' '-o' 'CMakeFiles/cmTC_d4933.dir/CMakeCCompilerABI.c.o' '-c' '-mtune=generic' '-march=x86-64'
Linking C executable cmTC_d4933
/home/zhifei/App/clion-2019.1.1/bin/cmake/linux/bin/cmake -E cmake_link_script CMakeFiles/cmTC_d4933.dir/link.txt --verbose=1
/home/zhifei/App/gcc72/bin/gcc     -v CMakeFiles/cmTC_d4933.dir/CMakeCCompilerABI.c.o  -o cmTC_d4933 
Using built-in specs.
COLLECT_GCC=/home/zhifei/App/gcc72/bin/gcc
COLLECT_LTO_WRAPPER=/local/home/zhifei/App/gcc72/bin/../libexec/gcc/x86_64-pc-linux-gnu/7.2.0/lto-wrapper
Target: x86_64-pc-linux-gnu
Configured with: ../gcc-7.2.0/configure --prefix=/home/zhifei/App/gcc72 --disable-multilib --with-system-zlib --enable-bootstrap --enable-languages=c,c++,fortran,objc,obj-c++
Thread model: posix
gcc version 7.2.0 (GCC) 
COMPILER_PATH=/local/home/zhifei/App/gcc72/bin/../libexec/gcc/x86_64-pc-linux-gnu/7.2.0/:/local/home/zhifei/App/gcc72/bin/../libexec/gcc/
LIBRARY_PATH=/local/home/zhifei/App/gcc72/bin/../lib/gcc/x86_64-pc-linux-gnu/7.2.0/:/local/home/zhifei/App/gcc72/bin/../lib/gcc/:/local/home/zhifei/App/gcc72/bin/../lib/gcc/x86_64-pc-linux-gnu/7.2.0/../../../../lib64/:/lib/../lib64/:/usr/lib/../lib64/:/local/home/zhifei/App/gcc72/bin/../lib/gcc/x86_64-pc-linux-gnu/7.2.0/../../../:/lib/:/usr/lib/
COLLECT_GCC_OPTIONS='-v' '-o' 'cmTC_d4933' '-mtune=generic' '-march=x86-64'
 /local/home/zhifei/App/gcc72/bin/../libexec/gcc/x86_64-pc-linux-gnu/7.2.0/collect2 -plugin /local/home/zhifei/App/gcc72/bin/../libexec/gcc/x86_64-pc-linux-gnu/7.2.0/liblto_plugin.so -plugin-opt=/local/home/zhifei/App/gcc72/bin/../libexec/gcc/x86_64-pc-linux-gnu/7.2.0/lto-wrapper -plugin-opt=-fresolution=/tmp/cc6vLv8L.res -plugin-opt=-pass-through=-lgcc -plugin-opt=-pass-through=-lgcc_s -plugin-opt=-pass-through=-lc -plugin-opt=-pass-through=-lgcc -plugin-opt=-pass-through=-lgcc_s --eh-frame-hdr -m elf_x86_64 -dynamic-linker /lib64/ld-linux-x86-64.so.2 -o cmTC_d4933 /lib/../lib64/crt1.o /lib/../lib64/crti.o /local/home/zhifei/App/gcc72/bin/../lib/gcc/x86_64-pc-linux-gnu/7.2.0/crtbegin.o -L/local/home/zhifei/App/gcc72/bin/../lib/gcc/x86_64-pc-linux-gnu/7.2.0 -L/local/home/zhifei/App/gcc72/bin/../lib/gcc -L/local/home/zhifei/App/gcc72/bin/../lib/gcc/x86_64-pc-linux-gnu/7.2.0/../../../../lib64 -L/lib/../lib64 -L/usr/lib/../lib64 -L/local/home/zhifei/App/gcc72/bin/../lib/gcc/x86_64-pc-linux-gnu/7.2.0/../../.. CMakeFiles/cmTC_d4933.dir/CMakeCCompilerABI.c.o -lgcc --as-needed -lgcc_s --no-as-needed -lc -lgcc --as-needed -lgcc_s --no-as-needed /local/home/zhifei/App/gcc72/bin/../lib/gcc/x86_64-pc-linux-gnu/7.2.0/crtend.o /lib/../lib64/crtn.o
COLLECT_GCC_OPTIONS='-v' '-o' 'cmTC_d4933' '-mtune=generic' '-march=x86-64'
gmake[1]: Leaving directory `/local/home/zhifei/Program_Data/HW_project/switch_fabric/cmake-build-debug/CMakeFiles/CMakeTmp'


Parsed C implicit include dir info from above output: rv=done
  found start of include info
  found start of implicit include info
    add: [/local/home/zhifei/App/gcc72/bin/../lib/gcc/x86_64-pc-linux-gnu/7.2.0/include]
    add: [/local/home/zhifei/App/gcc72/bin/../lib/gcc/x86_64-pc-linux-gnu/7.2.0/include-fixed]
    add: [/usr/local/include]
    add: [/local/home/zhifei/App/gcc72/bin/../lib/gcc/../../include]
    add: [/usr/include]
  end of search list found
  collapse include dir [/local/home/zhifei/App/gcc72/bin/../lib/gcc/x86_64-pc-linux-gnu/7.2.0/include] ==> [/home/zhifei/App/gcc72/lib/gcc/x86_64-pc-linux-gnu/7.2.0/include]
  collapse include dir [/local/home/zhifei/App/gcc72/bin/../lib/gcc/x86_64-pc-linux-gnu/7.2.0/include-fixed] ==> [/home/zhifei/App/gcc72/lib/gcc/x86_64-pc-linux-gnu/7.2.0/include-fixed]
  collapse include dir [/usr/local/include] ==> [/usr/local/include]
  collapse include dir [/local/home/zhifei/App/gcc72/bin/../lib/gcc/../../include] ==> [/home/zhifei/App/gcc72/include]
  collapse include dir [/usr/include] ==> [/usr/include]
  implicit include dirs: [/home/zhifei/App/gcc72/lib/gcc/x86_64-pc-linux-gnu/7.2.0/include;/home/zhifei/App/gcc72/lib/gcc/x86_64-pc-linux-gnu/7.2.0/include-fixed;/usr/local/include;/home/zhifei/App/gcc72/include;/usr/include]


Parsed C implicit link information from above output:
  link line regex: [^( *|.*[/\])(ld|CMAKE_LINK_STARTFILE-NOTFOUND|([^/\]+-)?ld|collect2)[^/\]*( |$)]
  ignore line: [Change Dir: /home/zhifei/Program_Data/HW_project/switch_fabric/cmake-build-debug/CMakeFiles/CMakeTmp]
  ignore line: []
  ignore line: [Run Build Command(s):/usr/bin/gmake cmTC_d4933/fast ]
  ignore line: [/usr/bin/gmake -f CMakeFiles/cmTC_d4933.dir/build.make CMakeFiles/cmTC_d4933.dir/build]
  ignore line: [gmake[1]: Entering directory `/local/home/zhifei/Program_Data/HW_project/switch_fabric/cmake-build-debug/CMakeFiles/CMakeTmp']
  ignore line: [Building C object CMakeFiles/cmTC_d4933.dir/CMakeCCompilerABI.c.o]
  ignore line: [/home/zhifei/App/gcc72/bin/gcc   -v -o CMakeFiles/cmTC_d4933.dir/CMakeCCompilerABI.c.o   -c /home/zhifei/App/clion-2019.1.1/bin/cmake/linux/share/cmake-3.14/Modules/CMakeCCompilerABI.c]
  ignore line: [Using built-in specs.]
  ignore line: [COLLECT_GCC=/home/zhifei/App/gcc72/bin/gcc]
  ignore line: [Target: x86_64-pc-linux-gnu]
  ignore line: [Configured with: ../gcc-7.2.0/configure --prefix=/home/zhifei/App/gcc72 --disable-multilib --with-system-zlib --enable-bootstrap --enable-languages=c,c++,fortran,objc,obj-c++]
  ignore line: [Thread model: posix]
  ignore line: [gcc version 7.2.0 (GCC) ]
  ignore line: [COLLECT_GCC_OPTIONS='-v' '-o' 'CMakeFiles/cmTC_d4933.dir/CMakeCCompilerABI.c.o' '-c' '-mtune=generic' '-march=x86-64']
  ignore line: [ /local/home/zhifei/App/gcc72/bin/../libexec/gcc/x86_64-pc-linux-gnu/7.2.0/cc1 -quiet -v -iprefix /local/home/zhifei/App/gcc72/bin/../lib/gcc/x86_64-pc-linux-gnu/7.2.0/ /home/zhifei/App/clion-2019.1.1/bin/cmake/linux/share/cmake-3.14/Modules/CMakeCCompilerABI.c -quiet -dumpbase CMakeCCompilerABI.c -mtune=generic -march=x86-64 -auxbase-strip CMakeFiles/cmTC_d4933.dir/CMakeCCompilerABI.c.o -version -o /tmp/ccxRowsL.s]
  ignore line: [GNU C11 (GCC) version 7.2.0 (x86_64-pc-linux-gnu)]
  ignore line: [	compiled by GNU C version 7.2.0, GMP version 6.1.0, MPFR version 3.1.4, MPC version 1.0.3, isl version isl-0.16.1-GMP]
  ignore line: []
  ignore line: [GGC heuristics: --param ggc-min-expand=100 --param ggc-min-heapsize=131072]
  ignore line: [ignoring nonexistent directory "/local/home/zhifei/App/gcc72/bin/../lib/gcc/x86_64-pc-linux-gnu/7.2.0/../../../../x86_64-pc-linux-gnu/include"]
  ignore line: [ignoring duplicate directory "/local/home/zhifei/App/gcc72/bin/../lib/gcc/../../lib/gcc/x86_64-pc-linux-gnu/7.2.0/include"]
  ignore line: [ignoring duplicate directory "/local/home/zhifei/App/gcc72/bin/../lib/gcc/../../lib/gcc/x86_64-pc-linux-gnu/7.2.0/include-fixed"]
  ignore line: [ignoring nonexistent directory "/local/home/zhifei/App/gcc72/bin/../lib/gcc/../../lib/gcc/x86_64-pc-linux-gnu/7.2.0/../../../../x86_64-pc-linux-gnu/include"]
  ignore line: [#include "..." search starts here:]
  ignore line: [#include <...> search starts here:]
  ignore line: [ /local/home/zhifei/App/gcc72/bin/../lib/gcc/x86_64-pc-linux-gnu/7.2.0/include]
  ignore line: [ /local/home/zhifei/App/gcc72/bin/../lib/gcc/x86_64-pc-linux-gnu/7.2.0/include-fixed]
  ignore line: [ /usr/local/include]
  ignore line: [ /local/home/zhifei/App/gcc72/bin/../lib/gcc/../../include]
  ignore line: [ /usr/include]
  ignore line: [End of search list.]
  ignore line: [GNU C11 (GCC) version 7.2.0 (x86_64-pc-linux-gnu)]
  ignore line: [	compiled by GNU C version 7.2.0, GMP version 6.1.0, MPFR version 3.1.4, MPC version 1.0.3, isl version isl-0.16.1-GMP]
  ignore line: []
  ignore line: [GGC heuristics: --param ggc-min-expand=100 --param ggc-min-heapsize=131072]
  ignore line: [Compiler executable checksum: 41f03f886f93dc35d68bf502e83b0905]
  ignore line: [COLLECT_GCC_OPTIONS='-v' '-o' 'CMakeFiles/cmTC_d4933.dir/CMakeCCompilerABI.c.o' '-c' '-mtune=generic' '-march=x86-64']
  ignore line: [ as -v --64 -o CMakeFiles/cmTC_d4933.dir/CMakeCCompilerABI.c.o /tmp/ccxRowsL.s]
  ignore line: [GNU assembler version 2.27 (x86_64-redhat-linux) using BFD version version 2.27-34.base.el7]
  ignore line: [COMPILER_PATH=/local/home/zhifei/App/gcc72/bin/../libexec/gcc/x86_64-pc-linux-gnu/7.2.0/:/local/home/zhifei/App/gcc72/bin/../libexec/gcc/]
  ignore line: [LIBRARY_PATH=/local/home/zhifei/App/gcc72/bin/../lib/gcc/x86_64-pc-linux-gnu/7.2.0/:/local/home/zhifei/App/gcc72/bin/../lib/gcc/:/local/home/zhifei/App/gcc72/bin/../lib/gcc/x86_64-pc-linux-gnu/7.2.0/../../../../lib64/:/lib/../lib64/:/usr/lib/../lib64/:/local/home/zhifei/App/gcc72/bin/../lib/gcc/x86_64-pc-linux-gnu/7.2.0/../../../:/lib/:/usr/lib/]
  ignore line: [COLLECT_GCC_OPTIONS='-v' '-o' 'CMakeFiles/cmTC_d4933.dir/CMakeCCompilerABI.c.o' '-c' '-mtune=generic' '-march=x86-64']
  ignore line: [Linking C executable cmTC_d4933]
  ignore line: [/home/zhifei/App/clion-2019.1.1/bin/cmake/linux/bin/cmake -E cmake_link_script CMakeFiles/cmTC_d4933.dir/link.txt --verbose=1]
  ignore line: [/home/zhifei/App/gcc72/bin/gcc     -v CMakeFiles/cmTC_d4933.dir/CMakeCCompilerABI.c.o  -o cmTC_d4933 ]
  ignore line: [Using built-in specs.]
  ignore line: [COLLECT_GCC=/home/zhifei/App/gcc72/bin/gcc]
  ignore line: [COLLECT_LTO_WRAPPER=/local/home/zhifei/App/gcc72/bin/../libexec/gcc/x86_64-pc-linux-gnu/7.2.0/lto-wrapper]
  ignore line: [Target: x86_64-pc-linux-gnu]
  ignore line: [Configured with: ../gcc-7.2.0/configure --prefix=/home/zhifei/App/gcc72 --disable-multilib --with-system-zlib --enable-bootstrap --enable-languages=c,c++,fortran,objc,obj-c++]
  ignore line: [Thread model: posix]
  ignore line: [gcc version 7.2.0 (GCC) ]
  ignore line: [COMPILER_PATH=/local/home/zhifei/App/gcc72/bin/../libexec/gcc/x86_64-pc-linux-gnu/7.2.0/:/local/home/zhifei/App/gcc72/bin/../libexec/gcc/]
  ignore line: [LIBRARY_PATH=/local/home/zhifei/App/gcc72/bin/../lib/gcc/x86_64-pc-linux-gnu/7.2.0/:/local/home/zhifei/App/gcc72/bin/../lib/gcc/:/local/home/zhifei/App/gcc72/bin/../lib/gcc/x86_64-pc-linux-gnu/7.2.0/../../../../lib64/:/lib/../lib64/:/usr/lib/../lib64/:/local/home/zhifei/App/gcc72/bin/../lib/gcc/x86_64-pc-linux-gnu/7.2.0/../../../:/lib/:/usr/lib/]
  ignore line: [COLLECT_GCC_OPTIONS='-v' '-o' 'cmTC_d4933' '-mtune=generic' '-march=x86-64']
  link line: [ /local/home/zhifei/App/gcc72/bin/../libexec/gcc/x86_64-pc-linux-gnu/7.2.0/collect2 -plugin /local/home/zhifei/App/gcc72/bin/../libexec/gcc/x86_64-pc-linux-gnu/7.2.0/liblto_plugin.so -plugin-opt=/local/home/zhifei/App/gcc72/bin/../libexec/gcc/x86_64-pc-linux-gnu/7.2.0/lto-wrapper -plugin-opt=-fresolution=/tmp/cc6vLv8L.res -plugin-opt=-pass-through=-lgcc -plugin-opt=-pass-through=-lgcc_s -plugin-opt=-pass-through=-lc -plugin-opt=-pass-through=-lgcc -plugin-opt=-pass-through=-lgcc_s --eh-frame-hdr -m elf_x86_64 -dynamic-linker /lib64/ld-linux-x86-64.so.2 -o cmTC_d4933 /lib/../lib64/crt1.o /lib/../lib64/crti.o /local/home/zhifei/App/gcc72/bin/../lib/gcc/x86_64-pc-linux-gnu/7.2.0/crtbegin.o -L/local/home/zhifei/App/gcc72/bin/../lib/gcc/x86_64-pc-linux-gnu/7.2.0 -L/local/home/zhifei/App/gcc72/bin/../lib/gcc -L/local/home/zhifei/App/gcc72/bin/../lib/gcc/x86_64-pc-linux-gnu/7.2.0/../../../../lib64 -L/lib/../lib64 -L/usr/lib/../lib64 -L/local/home/zhifei/App/gcc72/bin/../lib/gcc/x86_64-pc-linux-gnu/7.2.0/../../.. CMakeFiles/cmTC_d4933.dir/CMakeCCompilerABI.c.o -lgcc --as-needed -lgcc_s --no-as-needed -lc -lgcc --as-needed -lgcc_s --no-as-needed /local/home/zhifei/App/gcc72/bin/../lib/gcc/x86_64-pc-linux-gnu/7.2.0/crtend.o /lib/../lib64/crtn.o]
    arg [/local/home/zhifei/App/gcc72/bin/../libexec/gcc/x86_64-pc-linux-gnu/7.2.0/collect2] ==> ignore
    arg [-plugin] ==> ignore
    arg [/local/home/zhifei/App/gcc72/bin/../libexec/gcc/x86_64-pc-linux-gnu/7.2.0/liblto_plugin.so] ==> ignore
    arg [-plugin-opt=/local/home/zhifei/App/gcc72/bin/../libexec/gcc/x86_64-pc-linux-gnu/7.2.0/lto-wrapper] ==> ignore
    arg [-plugin-opt=-fresolution=/tmp/cc6vLv8L.res] ==> ignore
    arg [-plugin-opt=-pass-through=-lgcc] ==> ignore
    arg [-plugin-opt=-pass-through=-lgcc_s] ==> ignore
    arg [-plugin-opt=-pass-through=-lc] ==> ignore
    arg [-plugin-opt=-pass-through=-lgcc] ==> ignore
    arg [-plugin-opt=-pass-through=-lgcc_s] ==> ignore
    arg [--eh-frame-hdr] ==> ignore
    arg [-m] ==> ignore
    arg [elf_x86_64] ==> ignore
    arg [-dynamic-linker] ==> ignore
    arg [/lib64/ld-linux-x86-64.so.2] ==> ignore
    arg [-o] ==> ignore
    arg [cmTC_d4933] ==> ignore
    arg [/lib/../lib64/crt1.o] ==> ignore
    arg [/lib/../lib64/crti.o] ==> ignore
    arg [/local/home/zhifei/App/gcc72/bin/../lib/gcc/x86_64-pc-linux-gnu/7.2.0/crtbegin.o] ==> ignore
    arg [-L/local/home/zhifei/App/gcc72/bin/../lib/gcc/x86_64-pc-linux-gnu/7.2.0] ==> dir [/local/home/zhifei/App/gcc72/bin/../lib/gcc/x86_64-pc-linux-gnu/7.2.0]
    arg [-L/local/home/zhifei/App/gcc72/bin/../lib/gcc] ==> dir [/local/home/zhifei/App/gcc72/bin/../lib/gcc]
    arg [-L/local/home/zhifei/App/gcc72/bin/../lib/gcc/x86_64-pc-linux-gnu/7.2.0/../../../../lib64] ==> dir [/local/home/zhifei/App/gcc72/bin/../lib/gcc/x86_64-pc-linux-gnu/7.2.0/../../../../lib64]
    arg [-L/lib/../lib64] ==> dir [/lib/../lib64]
    arg [-L/usr/lib/../lib64] ==> dir [/usr/lib/../lib64]
    arg [-L/local/home/zhifei/App/gcc72/bin/../lib/gcc/x86_64-pc-linux-gnu/7.2.0/../../..] ==> dir [/local/home/zhifei/App/gcc72/bin/../lib/gcc/x86_64-pc-linux-gnu/7.2.0/../../..]
    arg [CMakeFiles/cmTC_d4933.dir/CMakeCCompilerABI.c.o] ==> ignore
    arg [-lgcc] ==> lib [gcc]
    arg [--as-needed] ==> ignore
    arg [-lgcc_s] ==> lib [gcc_s]
    arg [--no-as-needed] ==> ignore
    arg [-lc] ==> lib [c]
    arg [-lgcc] ==> lib [gcc]
    arg [--as-needed] ==> ignore
    arg [-lgcc_s] ==> lib [gcc_s]
    arg [--no-as-needed] ==> ignore
    arg [/local/home/zhifei/App/gcc72/bin/../lib/gcc/x86_64-pc-linux-gnu/7.2.0/crtend.o] ==> ignore
    arg [/lib/../lib64/crtn.o] ==> ignore
  collapse library dir [/local/home/zhifei/App/gcc72/bin/../lib/gcc/x86_64-pc-linux-gnu/7.2.0] ==> [/home/zhifei/App/gcc72/lib/gcc/x86_64-pc-linux-gnu/7.2.0]
  collapse library dir [/local/home/zhifei/App/gcc72/bin/../lib/gcc] ==> [/home/zhifei/App/gcc72/lib/gcc]
  collapse library dir [/local/home/zhifei/App/gcc72/bin/../lib/gcc/x86_64-pc-linux-gnu/7.2.0/../../../../lib64] ==> [/home/zhifei/App/gcc72/lib64]
  collapse library dir [/lib/../lib64] ==> [/lib64]
  collapse library dir [/usr/lib/../lib64] ==> [/usr/lib64]
  collapse library dir [/local/home/zhifei/App/gcc72/bin/../lib/gcc/x86_64-pc-linux-gnu/7.2.0/../../..] ==> [/home/zhifei/App/gcc72/lib]
  implicit libs: [gcc;gcc_s;c;gcc;gcc_s]
  implicit dirs: [/home/zhifei/App/gcc72/lib/gcc/x86_64-pc-linux-gnu/7.2.0;/home/zhifei/App/gcc72/lib/gcc;/home/zhifei/App/gcc72/lib64;/lib64;/usr/lib64;/home/zhifei/App/gcc72/lib]
  implicit fwks: []




Detecting C [-std=c11] compiler features compiled with the following output:
Change Dir: /home/zhifei/Program_Data/HW_project/switch_fabric/cmake-build-debug/CMakeFiles/CMakeTmp

Run Build Command(s):/usr/bin/gmake cmTC_b9fb8/fast 
/usr/bin/gmake -f CMakeFiles/cmTC_b9fb8.dir/build.make CMakeFiles/cmTC_b9fb8.dir/build
gmake[1]: Entering directory `/local/home/zhifei/Program_Data/HW_project/switch_fabric/cmake-build-debug/CMakeFiles/CMakeTmp'
Building C object CMakeFiles/cmTC_b9fb8.dir/feature_tests.c.o
/home/zhifei/App/gcc72/bin/gcc   -std=c11 -o CMakeFiles/cmTC_b9fb8.dir/feature_tests.c.o   -c /home/zhifei/Program_Data/HW_project/switch_fabric/cmake-build-debug/CMakeFiles/feature_tests.c
Linking C executable cmTC_b9fb8
/home/zhifei/App/clion-2019.1.1/bin/cmake/linux/bin/cmake -E cmake_link_script CMakeFiles/cmTC_b9fb8.dir/link.txt --verbose=1
/home/zhifei/App/gcc72/bin/gcc      CMakeFiles/cmTC_b9fb8.dir/feature_tests.c.o  -o cmTC_b9fb8 
gmake[1]: Leaving directory `/local/home/zhifei/Program_Data/HW_project/switch_fabric/cmake-build-debug/CMakeFiles/CMakeTmp'


    Feature record: C_FEATURE:1c_function_prototypes
    Feature record: C_FEATURE:1c_restrict
    Feature record: C_FEATURE:1c_static_assert
    Feature record: C_FEATURE:1c_variadic_macros


Detecting C [-std=c99] compiler features compiled with the following output:
Change Dir: /home/zhifei/Program_Data/HW_project/switch_fabric/cmake-build-debug/CMakeFiles/CMakeTmp

Run Build Command(s):/usr/bin/gmake cmTC_44b34/fast 
/usr/bin/gmake -f CMakeFiles/cmTC_44b34.dir/build.make CMakeFiles/cmTC_44b34.dir/build
gmake[1]: Entering directory `/local/home/zhifei/Program_Data/HW_project/switch_fabric/cmake-build-debug/CMakeFiles/CMakeTmp'
Building C object CMakeFiles/cmTC_44b34.dir/feature_tests.c.o
/home/zhifei/App/gcc72/bin/gcc   -std=c99 -o CMakeFiles/cmTC_44b34.dir/feature_tests.c.o   -c /home/zhifei/Program_Data/HW_project/switch_fabric/cmake-build-debug/CMakeFiles/feature_tests.c
Linking C executable cmTC_44b34
/home/zhifei/App/clion-2019.1.1/bin/cmake/linux/bin/cmake -E cmake_link_script CMakeFiles/cmTC_44b34.dir/link.txt --verbose=1
/home/zhifei/App/gcc72/bin/gcc      CMakeFiles/cmTC_44b34.dir/feature_tests.c.o  -o cmTC_44b34 
gmake[1]: Leaving directory `/local/home/zhifei/Program_Data/HW_project/switch_fabric/cmake-build-debug/CMakeFiles/CMakeTmp'


    Feature record: C_FEATURE:1c_function_prototypes
    Feature record: C_FEATURE:1c_restrict
    Feature record: C_FEATURE:0c_static_assert
    Feature record: C_FEATURE:1c_variadic_macros


Detecting C [-std=c90] compiler features compiled with the following output:
Change Dir: /home/zhifei/Program_Data/HW_project/switch_fabric/cmake-build-debug/CMakeFiles/CMakeTmp

Run Build Command(s):/usr/bin/gmake cmTC_d7b0f/fast 
/usr/bin/gmake -f CMakeFiles/cmTC_d7b0f.dir/build.make CMakeFiles/cmTC_d7b0f.dir/build
gmake[1]: Entering directory `/local/home/zhifei/Program_Data/HW_project/switch_fabric/cmake-build-debug/CMakeFiles/CMakeTmp'
Building C object CMakeFiles/cmTC_d7b0f.dir/feature_tests.c.o
/home/zhifei/App/gcc72/bin/gcc   -std=c90 -o CMakeFiles/cmTC_d7b0f.dir/feature_tests.c.o   -c /home/zhifei/Program_Data/HW_project/switch_fabric/cmake-build-debug/CMakeFiles/feature_tests.c
Linking C executable cmTC_d7b0f
/home/zhifei/App/clion-2019.1.1/bin/cmake/linux/bin/cmake -E cmake_link_script CMakeFiles/cmTC_d7b0f.dir/link.txt --verbose=1
/home/zhifei/App/gcc72/bin/gcc      CMakeFiles/cmTC_d7b0f.dir/feature_tests.c.o  -o cmTC_d7b0f 
gmake[1]: Leaving directory `/local/home/zhifei/Program_Data/HW_project/switch_fabric/cmake-build-debug/CMakeFiles/CMakeTmp'


    Feature record: C_FEATURE:1c_function_prototypes
    Feature record: C_FEATURE:0c_restrict
    Feature record: C_FEATURE:0c_static_assert
    Feature record: C_FEATURE:0c_variadic_macros
Determining if the CXX compiler works passed with the following output:
Change Dir: /home/zhifei/Program_Data/HW_project/switch_fabric/cmake-build-debug/CMakeFiles/CMakeTmp

Run Build Command(s):/usr/bin/gmake cmTC_d2849/fast 
/usr/bin/gmake -f CMakeFiles/cmTC_d2849.dir/build.make CMakeFiles/cmTC_d2849.dir/build
gmake[1]: Entering directory `/local/home/zhifei/Program_Data/HW_project/switch_fabric/cmake-build-debug/CMakeFiles/CMakeTmp'
Building CXX object CMakeFiles/cmTC_d2849.dir/testCXXCompiler.cxx.o
/home/zhifei/App/gcc72/bin/g++     -o CMakeFiles/cmTC_d2849.dir/testCXXCompiler.cxx.o -c /home/zhifei/Program_Data/HW_project/switch_fabric/cmake-build-debug/CMakeFiles/CMakeTmp/testCXXCompiler.cxx
Linking CXX executable cmTC_d2849
/home/zhifei/App/clion-2019.1.1/bin/cmake/linux/bin/cmake -E cmake_link_script CMakeFiles/cmTC_d2849.dir/link.txt --verbose=1
/home/zhifei/App/gcc72/bin/g++       CMakeFiles/cmTC_d2849.dir/testCXXCompiler.cxx.o  -o cmTC_d2849 
gmake[1]: Leaving directory `/local/home/zhifei/Program_Data/HW_project/switch_fabric/cmake-build-debug/CMakeFiles/CMakeTmp'


Detecting CXX compiler ABI info compiled with the following output:
Change Dir: /home/zhifei/Program_Data/HW_project/switch_fabric/cmake-build-debug/CMakeFiles/CMakeTmp

Run Build Command(s):/usr/bin/gmake cmTC_57f17/fast 
/usr/bin/gmake -f CMakeFiles/cmTC_57f17.dir/build.make CMakeFiles/cmTC_57f17.dir/build
gmake[1]: Entering directory `/local/home/zhifei/Program_Data/HW_project/switch_fabric/cmake-build-debug/CMakeFiles/CMakeTmp'
Building CXX object CMakeFiles/cmTC_57f17.dir/CMakeCXXCompilerABI.cpp.o
/home/zhifei/App/gcc72/bin/g++    -v -o CMakeFiles/cmTC_57f17.dir/CMakeCXXCompilerABI.cpp.o -c /home/zhifei/App/clion-2019.1.1/bin/cmake/linux/share/cmake-3.14/Modules/CMakeCXXCompilerABI.cpp
Using built-in specs.
COLLECT_GCC=/home/zhifei/App/gcc72/bin/g++
Target: x86_64-pc-linux-gnu
Configured with: ../gcc-7.2.0/configure --prefix=/home/zhifei/App/gcc72 --disable-multilib --with-system-zlib --enable-bootstrap --enable-languages=c,c++,fortran,objc,obj-c++
Thread model: posix
gcc version 7.2.0 (GCC) 
COLLECT_GCC_OPTIONS='-v' '-o' 'CMakeFiles/cmTC_57f17.dir/CMakeCXXCompilerABI.cpp.o' '-c' '-shared-libgcc' '-mtune=generic' '-march=x86-64'
 /local/home/zhifei/App/gcc72/bin/../libexec/gcc/x86_64-pc-linux-gnu/7.2.0/cc1plus -quiet -v -iprefix /local/home/zhifei/App/gcc72/bin/../lib/gcc/x86_64-pc-linux-gnu/7.2.0/ -D_GNU_SOURCE /home/zhifei/App/clion-2019.1.1/bin/cmake/linux/share/cmake-3.14/Modules/CMakeCXXCompilerABI.cpp -quiet -dumpbase CMakeCXXCompilerABI.cpp -mtune=generic -march=x86-64 -auxbase-strip CMakeFiles/cmTC_57f17.dir/CMakeCXXCompilerABI.cpp.o -version -o /tmp/ccnIYMz8.s
GNU C++14 (GCC) version 7.2.0 (x86_64-pc-linux-gnu)
	compiled by GNU C version 7.2.0, GMP version 6.1.0, MPFR version 3.1.4, MPC version 1.0.3, isl version isl-0.16.1-GMP

GGC heuristics: --param ggc-min-expand=100 --param ggc-min-heapsize=131072
ignoring nonexistent directory "/local/home/zhifei/App/gcc72/bin/../lib/gcc/x86_64-pc-linux-gnu/7.2.0/../../../../x86_64-pc-linux-gnu/include"
ignoring duplicate directory "/local/home/zhifei/App/gcc72/bin/../lib/gcc/../../lib/gcc/x86_64-pc-linux-gnu/7.2.0/../../../../include/c++/7.2.0"
ignoring duplicate directory "/local/home/zhifei/App/gcc72/bin/../lib/gcc/../../lib/gcc/x86_64-pc-linux-gnu/7.2.0/../../../../include/c++/7.2.0/x86_64-pc-linux-gnu"
ignoring duplicate directory "/local/home/zhifei/App/gcc72/bin/../lib/gcc/../../lib/gcc/x86_64-pc-linux-gnu/7.2.0/../../../../include/c++/7.2.0/backward"
ignoring duplicate directory "/local/home/zhifei/App/gcc72/bin/../lib/gcc/../../lib/gcc/x86_64-pc-linux-gnu/7.2.0/include"
ignoring duplicate directory "/local/home/zhifei/App/gcc72/bin/../lib/gcc/../../lib/gcc/x86_64-pc-linux-gnu/7.2.0/include-fixed"
ignoring nonexistent directory "/local/home/zhifei/App/gcc72/bin/../lib/gcc/../../lib/gcc/x86_64-pc-linux-gnu/7.2.0/../../../../x86_64-pc-linux-gnu/include"
#include "..." search starts here:
#include <...> search starts here:
 /local/home/zhifei/App/gcc72/bin/../lib/gcc/x86_64-pc-linux-gnu/7.2.0/../../../../include/c++/7.2.0
 /local/home/zhifei/App/gcc72/bin/../lib/gcc/x86_64-pc-linux-gnu/7.2.0/../../../../include/c++/7.2.0/x86_64-pc-linux-gnu
 /local/home/zhifei/App/gcc72/bin/../lib/gcc/x86_64-pc-linux-gnu/7.2.0/../../../../include/c++/7.2.0/backward
 /local/home/zhifei/App/gcc72/bin/../lib/gcc/x86_64-pc-linux-gnu/7.2.0/include
 /local/home/zhifei/App/gcc72/bin/../lib/gcc/x86_64-pc-linux-gnu/7.2.0/include-fixed
 /usr/local/include
 /local/home/zhifei/App/gcc72/bin/../lib/gcc/../../include
 /usr/include
End of search list.
GNU C++14 (GCC) version 7.2.0 (x86_64-pc-linux-gnu)
	compiled by GNU C version 7.2.0, GMP version 6.1.0, MPFR version 3.1.4, MPC version 1.0.3, isl version isl-0.16.1-GMP

GGC heuristics: --param ggc-min-expand=100 --param ggc-min-heapsize=131072
Compiler executable checksum: 058dfee6fa8ca61d5f36e21844ad4174
COLLECT_GCC_OPTIONS='-v' '-o' 'CMakeFiles/cmTC_57f17.dir/CMakeCXXCompilerABI.cpp.o' '-c' '-shared-libgcc' '-mtune=generic' '-march=x86-64'
 as -v --64 -o CMakeFiles/cmTC_57f17.dir/CMakeCXXCompilerABI.cpp.o /tmp/ccnIYMz8.s
GNU assembler version 2.27 (x86_64-redhat-linux) using BFD version version 2.27-34.base.el7
COMPILER_PATH=/local/home/zhifei/App/gcc72/bin/../libexec/gcc/x86_64-pc-linux-gnu/7.2.0/:/local/home/zhifei/App/gcc72/bin/../libexec/gcc/
LIBRARY_PATH=/local/home/zhifei/App/gcc72/bin/../lib/gcc/x86_64-pc-linux-gnu/7.2.0/:/local/home/zhifei/App/gcc72/bin/../lib/gcc/:/local/home/zhifei/App/gcc72/bin/../lib/gcc/x86_64-pc-linux-gnu/7.2.0/../../../../lib64/:/lib/../lib64/:/usr/lib/../lib64/:/local/home/zhifei/App/gcc72/bin/../lib/gcc/x86_64-pc-linux-gnu/7.2.0/../../../:/lib/:/usr/lib/
COLLECT_GCC_OPTIONS='-v' '-o' 'CMakeFiles/cmTC_57f17.dir/CMakeCXXCompilerABI.cpp.o' '-c' '-shared-libgcc' '-mtune=generic' '-march=x86-64'
Linking CXX executable cmTC_57f17
/home/zhifei/App/clion-2019.1.1/bin/cmake/linux/bin/cmake -E cmake_link_script CMakeFiles/cmTC_57f17.dir/link.txt --verbose=1
/home/zhifei/App/gcc72/bin/g++      -v CMakeFiles/cmTC_57f17.dir/CMakeCXXCompilerABI.cpp.o  -o cmTC_57f17 
Using built-in specs.
COLLECT_GCC=/home/zhifei/App/gcc72/bin/g++
COLLECT_LTO_WRAPPER=/local/home/zhifei/App/gcc72/bin/../libexec/gcc/x86_64-pc-linux-gnu/7.2.0/lto-wrapper
Target: x86_64-pc-linux-gnu
Configured with: ../gcc-7.2.0/configure --prefix=/home/zhifei/App/gcc72 --disable-multilib --with-system-zlib --enable-bootstrap --enable-languages=c,c++,fortran,objc,obj-c++
Thread model: posix
gcc version 7.2.0 (GCC) 
COMPILER_PATH=/local/home/zhifei/App/gcc72/bin/../libexec/gcc/x86_64-pc-linux-gnu/7.2.0/:/local/home/zhifei/App/gcc72/bin/../libexec/gcc/
LIBRARY_PATH=/local/home/zhifei/App/gcc72/bin/../lib/gcc/x86_64-pc-linux-gnu/7.2.0/:/local/home/zhifei/App/gcc72/bin/../lib/gcc/:/local/home/zhifei/App/gcc72/bin/../lib/gcc/x86_64-pc-linux-gnu/7.2.0/../../../../lib64/:/lib/../lib64/:/usr/lib/../lib64/:/local/home/zhifei/App/gcc72/bin/../lib/gcc/x86_64-pc-linux-gnu/7.2.0/../../../:/lib/:/usr/lib/
COLLECT_GCC_OPTIONS='-v' '-o' 'cmTC_57f17' '-shared-libgcc' '-mtune=generic' '-march=x86-64'
 /local/home/zhifei/App/gcc72/bin/../libexec/gcc/x86_64-pc-linux-gnu/7.2.0/collect2 -plugin /local/home/zhifei/App/gcc72/bin/../libexec/gcc/x86_64-pc-linux-gnu/7.2.0/liblto_plugin.so -plugin-opt=/local/home/zhifei/App/gcc72/bin/../libexec/gcc/x86_64-pc-linux-gnu/7.2.0/lto-wrapper -plugin-opt=-fresolution=/tmp/cctuRLEb.res -plugin-opt=-pass-through=-lgcc_s -plugin-opt=-pass-through=-lgcc -plugin-opt=-pass-through=-lc -plugin-opt=-pass-through=-lgcc_s -plugin-opt=-pass-through=-lgcc --eh-frame-hdr -m elf_x86_64 -dynamic-linker /lib64/ld-linux-x86-64.so.2 -o cmTC_57f17 /lib/../lib64/crt1.o /lib/../lib64/crti.o /local/home/zhifei/App/gcc72/bin/../lib/gcc/x86_64-pc-linux-gnu/7.2.0/crtbegin.o -L/local/home/zhifei/App/gcc72/bin/../lib/gcc/x86_64-pc-linux-gnu/7.2.0 -L/local/home/zhifei/App/gcc72/bin/../lib/gcc -L/local/home/zhifei/App/gcc72/bin/../lib/gcc/x86_64-pc-linux-gnu/7.2.0/../../../../lib64 -L/lib/../lib64 -L/usr/lib/../lib64 -L/local/home/zhifei/App/gcc72/bin/../lib/gcc/x86_64-pc-linux-gnu/7.2.0/../../.. CMakeFiles/cmTC_57f17.dir/CMakeCXXCompilerABI.cpp.o -lstdc++ -lm -lgcc_s -lgcc -lc -lgcc_s -lgcc /local/home/zhifei/App/gcc72/bin/../lib/gcc/x86_64-pc-linux-gnu/7.2.0/crtend.o /lib/../lib64/crtn.o
COLLECT_GCC_OPTIONS='-v' '-o' 'cmTC_57f17' '-shared-libgcc' '-mtune=generic' '-march=x86-64'
gmake[1]: Leaving directory `/local/home/zhifei/Program_Data/HW_project/switch_fabric/cmake-build-debug/CMakeFiles/CMakeTmp'


Parsed CXX implicit include dir info from above output: rv=done
  found start of include info
  found start of implicit include info
    add: [/local/home/zhifei/App/gcc72/bin/../lib/gcc/x86_64-pc-linux-gnu/7.2.0/../../../../include/c++/7.2.0]
    add: [/local/home/zhifei/App/gcc72/bin/../lib/gcc/x86_64-pc-linux-gnu/7.2.0/../../../../include/c++/7.2.0/x86_64-pc-linux-gnu]
    add: [/local/home/zhifei/App/gcc72/bin/../lib/gcc/x86_64-pc-linux-gnu/7.2.0/../../../../include/c++/7.2.0/backward]
    add: [/local/home/zhifei/App/gcc72/bin/../lib/gcc/x86_64-pc-linux-gnu/7.2.0/include]
    add: [/local/home/zhifei/App/gcc72/bin/../lib/gcc/x86_64-pc-linux-gnu/7.2.0/include-fixed]
    add: [/usr/local/include]
    add: [/local/home/zhifei/App/gcc72/bin/../lib/gcc/../../include]
    add: [/usr/include]
  end of search list found
  collapse include dir [/local/home/zhifei/App/gcc72/bin/../lib/gcc/x86_64-pc-linux-gnu/7.2.0/../../../../include/c++/7.2.0] ==> [/home/zhifei/App/gcc72/include/c++/7.2.0]
  collapse include dir [/local/home/zhifei/App/gcc72/bin/../lib/gcc/x86_64-pc-linux-gnu/7.2.0/../../../../include/c++/7.2.0/x86_64-pc-linux-gnu] ==> [/home/zhifei/App/gcc72/include/c++/7.2.0/x86_64-pc-linux-gnu]
  collapse include dir [/local/home/zhifei/App/gcc72/bin/../lib/gcc/x86_64-pc-linux-gnu/7.2.0/../../../../include/c++/7.2.0/backward] ==> [/home/zhifei/App/gcc72/include/c++/7.2.0/backward]
  collapse include dir [/local/home/zhifei/App/gcc72/bin/../lib/gcc/x86_64-pc-linux-gnu/7.2.0/include] ==> [/home/zhifei/App/gcc72/lib/gcc/x86_64-pc-linux-gnu/7.2.0/include]
  collapse include dir [/local/home/zhifei/App/gcc72/bin/../lib/gcc/x86_64-pc-linux-gnu/7.2.0/include-fixed] ==> [/home/zhifei/App/gcc72/lib/gcc/x86_64-pc-linux-gnu/7.2.0/include-fixed]
  collapse include dir [/usr/local/include] ==> [/usr/local/include]
  collapse include dir [/local/home/zhifei/App/gcc72/bin/../lib/gcc/../../include] ==> [/home/zhifei/App/gcc72/include]
  collapse include dir [/usr/include] ==> [/usr/include]
  implicit include dirs: [/home/zhifei/App/gcc72/include/c++/7.2.0;/home/zhifei/App/gcc72/include/c++/7.2.0/x86_64-pc-linux-gnu;/home/zhifei/App/gcc72/include/c++/7.2.0/backward;/home/zhifei/App/gcc72/lib/gcc/x86_64-pc-linux-gnu/7.2.0/include;/home/zhifei/App/gcc72/lib/gcc/x86_64-pc-linux-gnu/7.2.0/include-fixed;/usr/local/include;/home/zhifei/App/gcc72/include;/usr/include]


Parsed CXX implicit link information from above output:
  link line regex: [^( *|.*[/\])(ld|CMAKE_LINK_STARTFILE-NOTFOUND|([^/\]+-)?ld|collect2)[^/\]*( |$)]
  ignore line: [Change Dir: /home/zhifei/Program_Data/HW_project/switch_fabric/cmake-build-debug/CMakeFiles/CMakeTmp]
  ignore line: []
  ignore line: [Run Build Command(s):/usr/bin/gmake cmTC_57f17/fast ]
  ignore line: [/usr/bin/gmake -f CMakeFiles/cmTC_57f17.dir/build.make CMakeFiles/cmTC_57f17.dir/build]
  ignore line: [gmake[1]: Entering directory `/local/home/zhifei/Program_Data/HW_project/switch_fabric/cmake-build-debug/CMakeFiles/CMakeTmp']
  ignore line: [Building CXX object CMakeFiles/cmTC_57f17.dir/CMakeCXXCompilerABI.cpp.o]
  ignore line: [/home/zhifei/App/gcc72/bin/g++    -v -o CMakeFiles/cmTC_57f17.dir/CMakeCXXCompilerABI.cpp.o -c /home/zhifei/App/clion-2019.1.1/bin/cmake/linux/share/cmake-3.14/Modules/CMakeCXXCompilerABI.cpp]
  ignore line: [Using built-in specs.]
  ignore line: [COLLECT_GCC=/home/zhifei/App/gcc72/bin/g++]
  ignore line: [Target: x86_64-pc-linux-gnu]
  ignore line: [Configured with: ../gcc-7.2.0/configure --prefix=/home/zhifei/App/gcc72 --disable-multilib --with-system-zlib --enable-bootstrap --enable-languages=c,c++,fortran,objc,obj-c++]
  ignore line: [Thread model: posix]
  ignore line: [gcc version 7.2.0 (GCC) ]
  ignore line: [COLLECT_GCC_OPTIONS='-v' '-o' 'CMakeFiles/cmTC_57f17.dir/CMakeCXXCompilerABI.cpp.o' '-c' '-shared-libgcc' '-mtune=generic' '-march=x86-64']
  ignore line: [ /local/home/zhifei/App/gcc72/bin/../libexec/gcc/x86_64-pc-linux-gnu/7.2.0/cc1plus -quiet -v -iprefix /local/home/zhifei/App/gcc72/bin/../lib/gcc/x86_64-pc-linux-gnu/7.2.0/ -D_GNU_SOURCE /home/zhifei/App/clion-2019.1.1/bin/cmake/linux/share/cmake-3.14/Modules/CMakeCXXCompilerABI.cpp -quiet -dumpbase CMakeCXXCompilerABI.cpp -mtune=generic -march=x86-64 -auxbase-strip CMakeFiles/cmTC_57f17.dir/CMakeCXXCompilerABI.cpp.o -version -o /tmp/ccnIYMz8.s]
  ignore line: [GNU C++14 (GCC) version 7.2.0 (x86_64-pc-linux-gnu)]
  ignore line: [	compiled by GNU C version 7.2.0, GMP version 6.1.0, MPFR version 3.1.4, MPC version 1.0.3, isl version isl-0.16.1-GMP]
  ignore line: []
  ignore line: [GGC heuristics: --param ggc-min-expand=100 --param ggc-min-heapsize=131072]
  ignore line: [ignoring nonexistent directory "/local/home/zhifei/App/gcc72/bin/../lib/gcc/x86_64-pc-linux-gnu/7.2.0/../../../../x86_64-pc-linux-gnu/include"]
  ignore line: [ignoring duplicate directory "/local/home/zhifei/App/gcc72/bin/../lib/gcc/../../lib/gcc/x86_64-pc-linux-gnu/7.2.0/../../../../include/c++/7.2.0"]
  ignore line: [ignoring duplicate directory "/local/home/zhifei/App/gcc72/bin/../lib/gcc/../../lib/gcc/x86_64-pc-linux-gnu/7.2.0/../../../../include/c++/7.2.0/x86_64-pc-linux-gnu"]
  ignore line: [ignoring duplicate directory "/local/home/zhifei/App/gcc72/bin/../lib/gcc/../../lib/gcc/x86_64-pc-linux-gnu/7.2.0/../../../../include/c++/7.2.0/backward"]
  ignore line: [ignoring duplicate directory "/local/home/zhifei/App/gcc72/bin/../lib/gcc/../../lib/gcc/x86_64-pc-linux-gnu/7.2.0/include"]
  ignore line: [ignoring duplicate directory "/local/home/zhifei/App/gcc72/bin/../lib/gcc/../../lib/gcc/x86_64-pc-linux-gnu/7.2.0/include-fixed"]
  ignore line: [ignoring nonexistent directory "/local/home/zhifei/App/gcc72/bin/../lib/gcc/../../lib/gcc/x86_64-pc-linux-gnu/7.2.0/../../../../x86_64-pc-linux-gnu/include"]
  ignore line: [#include "..." search starts here:]
  ignore line: [#include <...> search starts here:]
  ignore line: [ /local/home/zhifei/App/gcc72/bin/../lib/gcc/x86_64-pc-linux-gnu/7.2.0/../../../../include/c++/7.2.0]
  ignore line: [ /local/home/zhifei/App/gcc72/bin/../lib/gcc/x86_64-pc-linux-gnu/7.2.0/../../../../include/c++/7.2.0/x86_64-pc-linux-gnu]
  ignore line: [ /local/home/zhifei/App/gcc72/bin/../lib/gcc/x86_64-pc-linux-gnu/7.2.0/../../../../include/c++/7.2.0/backward]
  ignore line: [ /local/home/zhifei/App/gcc72/bin/../lib/gcc/x86_64-pc-linux-gnu/7.2.0/include]
  ignore line: [ /local/home/zhifei/App/gcc72/bin/../lib/gcc/x86_64-pc-linux-gnu/7.2.0/include-fixed]
  ignore line: [ /usr/local/include]
  ignore line: [ /local/home/zhifei/App/gcc72/bin/../lib/gcc/../../include]
  ignore line: [ /usr/include]
  ignore line: [End of search list.]
  ignore line: [GNU C++14 (GCC) version 7.2.0 (x86_64-pc-linux-gnu)]
  ignore line: [	compiled by GNU C version 7.2.0, GMP version 6.1.0, MPFR version 3.1.4, MPC version 1.0.3, isl version isl-0.16.1-GMP]
  ignore line: []
  ignore line: [GGC heuristics: --param ggc-min-expand=100 --param ggc-min-heapsize=131072]
  ignore line: [Compiler executable checksum: 058dfee6fa8ca61d5f36e21844ad4174]
  ignore line: [COLLECT_GCC_OPTIONS='-v' '-o' 'CMakeFiles/cmTC_57f17.dir/CMakeCXXCompilerABI.cpp.o' '-c' '-shared-libgcc' '-mtune=generic' '-march=x86-64']
  ignore line: [ as -v --64 -o CMakeFiles/cmTC_57f17.dir/CMakeCXXCompilerABI.cpp.o /tmp/ccnIYMz8.s]
  ignore line: [GNU assembler version 2.27 (x86_64-redhat-linux) using BFD version version 2.27-34.base.el7]
  ignore line: [COMPILER_PATH=/local/home/zhifei/App/gcc72/bin/../libexec/gcc/x86_64-pc-linux-gnu/7.2.0/:/local/home/zhifei/App/gcc72/bin/../libexec/gcc/]
  ignore line: [LIBRARY_PATH=/local/home/zhifei/App/gcc72/bin/../lib/gcc/x86_64-pc-linux-gnu/7.2.0/:/local/home/zhifei/App/gcc72/bin/../lib/gcc/:/local/home/zhifei/App/gcc72/bin/../lib/gcc/x86_64-pc-linux-gnu/7.2.0/../../../../lib64/:/lib/../lib64/:/usr/lib/../lib64/:/local/home/zhifei/App/gcc72/bin/../lib/gcc/x86_64-pc-linux-gnu/7.2.0/../../../:/lib/:/usr/lib/]
  ignore line: [COLLECT_GCC_OPTIONS='-v' '-o' 'CMakeFiles/cmTC_57f17.dir/CMakeCXXCompilerABI.cpp.o' '-c' '-shared-libgcc' '-mtune=generic' '-march=x86-64']
  ignore line: [Linking CXX executable cmTC_57f17]
  ignore line: [/home/zhifei/App/clion-2019.1.1/bin/cmake/linux/bin/cmake -E cmake_link_script CMakeFiles/cmTC_57f17.dir/link.txt --verbose=1]
  ignore line: [/home/zhifei/App/gcc72/bin/g++      -v CMakeFiles/cmTC_57f17.dir/CMakeCXXCompilerABI.cpp.o  -o cmTC_57f17 ]
  ignore line: [Using built-in specs.]
  ignore line: [COLLECT_GCC=/home/zhifei/App/gcc72/bin/g++]
  ignore line: [COLLECT_LTO_WRAPPER=/local/home/zhifei/App/gcc72/bin/../libexec/gcc/x86_64-pc-linux-gnu/7.2.0/lto-wrapper]
  ignore line: [Target: x86_64-pc-linux-gnu]
  ignore line: [Configured with: ../gcc-7.2.0/configure --prefix=/home/zhifei/App/gcc72 --disable-multilib --with-system-zlib --enable-bootstrap --enable-languages=c,c++,fortran,objc,obj-c++]
  ignore line: [Thread model: posix]
  ignore line: [gcc version 7.2.0 (GCC) ]
  ignore line: [COMPILER_PATH=/local/home/zhifei/App/gcc72/bin/../libexec/gcc/x86_64-pc-linux-gnu/7.2.0/:/local/home/zhifei/App/gcc72/bin/../libexec/gcc/]
  ignore line: [LIBRARY_PATH=/local/home/zhifei/App/gcc72/bin/../lib/gcc/x86_64-pc-linux-gnu/7.2.0/:/local/home/zhifei/App/gcc72/bin/../lib/gcc/:/local/home/zhifei/App/gcc72/bin/../lib/gcc/x86_64-pc-linux-gnu/7.2.0/../../../../lib64/:/lib/../lib64/:/usr/lib/../lib64/:/local/home/zhifei/App/gcc72/bin/../lib/gcc/x86_64-pc-linux-gnu/7.2.0/../../../:/lib/:/usr/lib/]
  ignore line: [COLLECT_GCC_OPTIONS='-v' '-o' 'cmTC_57f17' '-shared-libgcc' '-mtune=generic' '-march=x86-64']
  link line: [ /local/home/zhifei/App/gcc72/bin/../libexec/gcc/x86_64-pc-linux-gnu/7.2.0/collect2 -plugin /local/home/zhifei/App/gcc72/bin/../libexec/gcc/x86_64-pc-linux-gnu/7.2.0/liblto_plugin.so -plugin-opt=/local/home/zhifei/App/gcc72/bin/../libexec/gcc/x86_64-pc-linux-gnu/7.2.0/lto-wrapper -plugin-opt=-fresolution=/tmp/cctuRLEb.res -plugin-opt=-pass-through=-lgcc_s -plugin-opt=-pass-through=-lgcc -plugin-opt=-pass-through=-lc -plugin-opt=-pass-through=-lgcc_s -plugin-opt=-pass-through=-lgcc --eh-frame-hdr -m elf_x86_64 -dynamic-linker /lib64/ld-linux-x86-64.so.2 -o cmTC_57f17 /lib/../lib64/crt1.o /lib/../lib64/crti.o /local/home/zhifei/App/gcc72/bin/../lib/gcc/x86_64-pc-linux-gnu/7.2.0/crtbegin.o -L/local/home/zhifei/App/gcc72/bin/../lib/gcc/x86_64-pc-linux-gnu/7.2.0 -L/local/home/zhifei/App/gcc72/bin/../lib/gcc -L/local/home/zhifei/App/gcc72/bin/../lib/gcc/x86_64-pc-linux-gnu/7.2.0/../../../../lib64 -L/lib/../lib64 -L/usr/lib/../lib64 -L/local/home/zhifei/App/gcc72/bin/../lib/gcc/x86_64-pc-linux-gnu/7.2.0/../../.. CMakeFiles/cmTC_57f17.dir/CMakeCXXCompilerABI.cpp.o -lstdc++ -lm -lgcc_s -lgcc -lc -lgcc_s -lgcc /local/home/zhifei/App/gcc72/bin/../lib/gcc/x86_64-pc-linux-gnu/7.2.0/crtend.o /lib/../lib64/crtn.o]
    arg [/local/home/zhifei/App/gcc72/bin/../libexec/gcc/x86_64-pc-linux-gnu/7.2.0/collect2] ==> ignore
    arg [-plugin] ==> ignore
    arg [/local/home/zhifei/App/gcc72/bin/../libexec/gcc/x86_64-pc-linux-gnu/7.2.0/liblto_plugin.so] ==> ignore
    arg [-plugin-opt=/local/home/zhifei/App/gcc72/bin/../libexec/gcc/x86_64-pc-linux-gnu/7.2.0/lto-wrapper] ==> ignore
    arg [-plugin-opt=-fresolution=/tmp/cctuRLEb.res] ==> ignore
    arg [-plugin-opt=-pass-through=-lgcc_s] ==> ignore
    arg [-plugin-opt=-pass-through=-lgcc] ==> ignore
    arg [-plugin-opt=-pass-through=-lc] ==> ignore
    arg [-plugin-opt=-pass-through=-lgcc_s] ==> ignore
    arg [-plugin-opt=-pass-through=-lgcc] ==> ignore
    arg [--eh-frame-hdr] ==> ignore
    arg [-m] ==> ignore
    arg [elf_x86_64] ==> ignore
    arg [-dynamic-linker] ==> ignore
    arg [/lib64/ld-linux-x86-64.so.2] ==> ignore
    arg [-o] ==> ignore
    arg [cmTC_57f17] ==> ignore
    arg [/lib/../lib64/crt1.o] ==> ignore
    arg [/lib/../lib64/crti.o] ==> ignore
    arg [/local/home/zhifei/App/gcc72/bin/../lib/gcc/x86_64-pc-linux-gnu/7.2.0/crtbegin.o] ==> ignore
    arg [-L/local/home/zhifei/App/gcc72/bin/../lib/gcc/x86_64-pc-linux-gnu/7.2.0] ==> dir [/local/home/zhifei/App/gcc72/bin/../lib/gcc/x86_64-pc-linux-gnu/7.2.0]
    arg [-L/local/home/zhifei/App/gcc72/bin/../lib/gcc] ==> dir [/local/home/zhifei/App/gcc72/bin/../lib/gcc]
    arg [-L/local/home/zhifei/App/gcc72/bin/../lib/gcc/x86_64-pc-linux-gnu/7.2.0/../../../../lib64] ==> dir [/local/home/zhifei/App/gcc72/bin/../lib/gcc/x86_64-pc-linux-gnu/7.2.0/../../../../lib64]
    arg [-L/lib/../lib64] ==> dir [/lib/../lib64]
    arg [-L/usr/lib/../lib64] ==> dir [/usr/lib/../lib64]
    arg [-L/local/home/zhifei/App/gcc72/bin/../lib/gcc/x86_64-pc-linux-gnu/7.2.0/../../..] ==> dir [/local/home/zhifei/App/gcc72/bin/../lib/gcc/x86_64-pc-linux-gnu/7.2.0/../../..]
    arg [CMakeFiles/cmTC_57f17.dir/CMakeCXXCompilerABI.cpp.o] ==> ignore
    arg [-lstdc++] ==> lib [stdc++]
    arg [-lm] ==> lib [m]
    arg [-lgcc_s] ==> lib [gcc_s]
    arg [-lgcc] ==> lib [gcc]
    arg [-lc] ==> lib [c]
    arg [-lgcc_s] ==> lib [gcc_s]
    arg [-lgcc] ==> lib [gcc]
    arg [/local/home/zhifei/App/gcc72/bin/../lib/gcc/x86_64-pc-linux-gnu/7.2.0/crtend.o] ==> ignore
    arg [/lib/../lib64/crtn.o] ==> ignore
  collapse library dir [/local/home/zhifei/App/gcc72/bin/../lib/gcc/x86_64-pc-linux-gnu/7.2.0] ==> [/home/zhifei/App/gcc72/lib/gcc/x86_64-pc-linux-gnu/7.2.0]
  collapse library dir [/local/home/zhifei/App/gcc72/bin/../lib/gcc] ==> [/home/zhifei/App/gcc72/lib/gcc]
  collapse library dir [/local/home/zhifei/App/gcc72/bin/../lib/gcc/x86_64-pc-linux-gnu/7.2.0/../../../../lib64] ==> [/home/zhifei/App/gcc72/lib64]
  collapse library dir [/lib/../lib64] ==> [/lib64]
  collapse library dir [/usr/lib/../lib64] ==> [/usr/lib64]
  collapse library dir [/local/home/zhifei/App/gcc72/bin/../lib/gcc/x86_64-pc-linux-gnu/7.2.0/../../..] ==> [/home/zhifei/App/gcc72/lib]
  implicit libs: [stdc++;m;gcc_s;gcc;c;gcc_s;gcc]
  implicit dirs: [/home/zhifei/App/gcc72/lib/gcc/x86_64-pc-linux-gnu/7.2.0;/home/zhifei/App/gcc72/lib/gcc;/home/zhifei/App/gcc72/lib64;/lib64;/usr/lib64;/home/zhifei/App/gcc72/lib]
  implicit fwks: []




Detecting CXX [-std=c++1z] compiler features compiled with the following output:
Change Dir: /home/zhifei/Program_Data/HW_project/switch_fabric/cmake-build-debug/CMakeFiles/CMakeTmp

Run Build Command(s):/usr/bin/gmake cmTC_bb233/fast 
/usr/bin/gmake -f CMakeFiles/cmTC_bb233.dir/build.make CMakeFiles/cmTC_bb233.dir/build
gmake[1]: Entering directory `/local/home/zhifei/Program_Data/HW_project/switch_fabric/cmake-build-debug/CMakeFiles/CMakeTmp'
Building CXX object CMakeFiles/cmTC_bb233.dir/feature_tests.cxx.o
/home/zhifei/App/gcc72/bin/g++    -std=c++1z -o CMakeFiles/cmTC_bb233.dir/feature_tests.cxx.o -c /home/zhifei/Program_Data/HW_project/switch_fabric/cmake-build-debug/CMakeFiles/feature_tests.cxx
Linking CXX executable cmTC_bb233
/home/zhifei/App/clion-2019.1.1/bin/cmake/linux/bin/cmake -E cmake_link_script CMakeFiles/cmTC_bb233.dir/link.txt --verbose=1
/home/zhifei/App/gcc72/bin/g++       CMakeFiles/cmTC_bb233.dir/feature_tests.cxx.o  -o cmTC_bb233 
gmake[1]: Leaving directory `/local/home/zhifei/Program_Data/HW_project/switch_fabric/cmake-build-debug/CMakeFiles/CMakeTmp'


    Feature record: CXX_FEATURE:1cxx_aggregate_default_initializers
    Feature record: CXX_FEATURE:1cxx_alias_templates
    Feature record: CXX_FEATURE:1cxx_alignas
    Feature record: CXX_FEATURE:1cxx_alignof
    Feature record: CXX_FEATURE:1cxx_attributes
    Feature record: CXX_FEATURE:1cxx_attribute_deprecated
    Feature record: CXX_FEATURE:1cxx_auto_type
    Feature record: CXX_FEATURE:1cxx_binary_literals
    Feature record: CXX_FEATURE:1cxx_constexpr
    Feature record: CXX_FEATURE:1cxx_contextual_conversions
    Feature record: CXX_FEATURE:1cxx_decltype
    Feature record: CXX_FEATURE:1cxx_decltype_auto
    Feature record: CXX_FEATURE:1cxx_decltype_incomplete_return_types
    Feature record: CXX_FEATURE:1cxx_default_function_template_args
    Feature record: CXX_FEATURE:1cxx_defaulted_functions
    Feature record: CXX_FEATURE:1cxx_defaulted_move_initializers
    Feature record: CXX_FEATURE:1cxx_delegating_constructors
    Feature record: CXX_FEATURE:1cxx_deleted_functions
    Feature record: CXX_FEATURE:1cxx_digit_separators
    Feature record: CXX_FEATURE:1cxx_enum_forward_declarations
    Feature record: CXX_FEATURE:1cxx_explicit_conversions
    Feature record: CXX_FEATURE:1cxx_extended_friend_declarations
    Feature record: CXX_FEATURE:1cxx_extern_templates
    Feature record: CXX_FEATURE:1cxx_final
    Feature record: CXX_FEATURE:1cxx_func_identifier
    Feature record: CXX_FEATURE:1cxx_generalized_initializers
    Feature record: CXX_FEATURE:1cxx_generic_lambdas
    Feature record: CXX_FEATURE:1cxx_inheriting_constructors
    Feature record: CXX_FEATURE:1cxx_inline_namespaces
    Feature record: CXX_FEATURE:1cxx_lambdas
    Feature record: CXX_FEATURE:1cxx_lambda_init_captures
    Feature record: CXX_FEATURE:1cxx_local_type_template_args
    Feature record: CXX_FEATURE:1cxx_long_long_type
    Feature record: CXX_FEATURE:1cxx_noexcept
    Feature record: CXX_FEATURE:1cxx_nonstatic_member_init
    Feature record: CXX_FEATURE:1cxx_nullptr
    Feature record: CXX_FEATURE:1cxx_override
    Feature record: CXX_FEATURE:1cxx_range_for
    Feature record: CXX_FEATURE:1cxx_raw_string_literals
    Feature record: CXX_FEATURE:1cxx_reference_qualified_functions
    Feature record: CXX_FEATURE:1cxx_relaxed_constexpr
    Feature record: CXX_FEATURE:1cxx_return_type_deduction
    Feature record: CXX_FEATURE:1cxx_right_angle_brackets
    Feature record: CXX_FEATURE:1cxx_rvalue_references
    Feature record: CXX_FEATURE:1cxx_sizeof_member
    Feature record: CXX_FEATURE:1cxx_static_assert
    Feature record: CXX_FEATURE:1cxx_strong_enums
    Feature record: CXX_FEATURE:1cxx_template_template_parameters
    Feature record: CXX_FEATURE:1cxx_thread_local
    Feature record: CXX_FEATURE:1cxx_trailing_return_types
    Feature record: CXX_FEATURE:1cxx_unicode_literals
    Feature record: CXX_FEATURE:1cxx_uniform_initialization
    Feature record: CXX_FEATURE:1cxx_unrestricted_unions
    Feature record: CXX_FEATURE:1cxx_user_literals
    Feature record: CXX_FEATURE:1cxx_variable_templates
    Feature record: CXX_FEATURE:1cxx_variadic_macros
    Feature record: CXX_FEATURE:1cxx_variadic_templates


Detecting CXX [-std=c++14] compiler features compiled with the following output:
Change Dir: /home/zhifei/Program_Data/HW_project/switch_fabric/cmake-build-debug/CMakeFiles/CMakeTmp

Run Build Command(s):/usr/bin/gmake cmTC_b54ad/fast 
/usr/bin/gmake -f CMakeFiles/cmTC_b54ad.dir/build.make CMakeFiles/cmTC_b54ad.dir/build
gmake[1]: Entering directory `/local/home/zhifei/Program_Data/HW_project/switch_fabric/cmake-build-debug/CMakeFiles/CMakeTmp'
Building CXX object CMakeFiles/cmTC_b54ad.dir/feature_tests.cxx.o
/home/zhifei/App/gcc72/bin/g++    -std=c++14 -o CMakeFiles/cmTC_b54ad.dir/feature_tests.cxx.o -c /home/zhifei/Program_Data/HW_project/switch_fabric/cmake-build-debug/CMakeFiles/feature_tests.cxx
Linking CXX executable cmTC_b54ad
/home/zhifei/App/clion-2019.1.1/bin/cmake/linux/bin/cmake -E cmake_link_script CMakeFiles/cmTC_b54ad.dir/link.txt --verbose=1
/home/zhifei/App/gcc72/bin/g++       CMakeFiles/cmTC_b54ad.dir/feature_tests.cxx.o  -o cmTC_b54ad 
gmake[1]: Leaving directory `/local/home/zhifei/Program_Data/HW_project/switch_fabric/cmake-build-debug/CMakeFiles/CMakeTmp'


    Feature record: CXX_FEATURE:1cxx_aggregate_default_initializers
    Feature record: CXX_FEATURE:1cxx_alias_templates
    Feature record: CXX_FEATURE:1cxx_alignas
    Feature record: CXX_FEATURE:1cxx_alignof
    Feature record: CXX_FEATURE:1cxx_attributes
    Feature record: CXX_FEATURE:1cxx_attribute_deprecated
    Feature record: CXX_FEATURE:1cxx_auto_type
    Feature record: CXX_FEATURE:1cxx_binary_literals
    Feature record: CXX_FEATURE:1cxx_constexpr
    Feature record: CXX_FEATURE:1cxx_contextual_conversions
    Feature record: CXX_FEATURE:1cxx_decltype
    Feature record: CXX_FEATURE:1cxx_decltype_auto
    Feature record: CXX_FEATURE:1cxx_decltype_incomplete_return_types
    Feature record: CXX_FEATURE:1cxx_default_function_template_args
    Feature record: CXX_FEATURE:1cxx_defaulted_functions
    Feature record: CXX_FEATURE:1cxx_defaulted_move_initializers
    Feature record: CXX_FEATURE:1cxx_delegating_constructors
    Feature record: CXX_FEATURE:1cxx_deleted_functions
    Feature record: CXX_FEATURE:1cxx_digit_separators
    Feature record: CXX_FEATURE:1cxx_enum_forward_declarations
    Feature record: CXX_FEATURE:1cxx_explicit_conversions
    Feature record: CXX_FEATURE:1cxx_extended_friend_declarations
    Feature record: CXX_FEATURE:1cxx_extern_templates
    Feature record: CXX_FEATURE:1cxx_final
    Feature record: CXX_FEATURE:1cxx_func_identifier
    Feature record: CXX_FEATURE:1cxx_generalized_initializers
    Feature record: CXX_FEATURE:1cxx_generic_lambdas
    Feature record: CXX_FEATURE:1cxx_inheriting_constructors
    Feature record: CXX_FEATURE:1cxx_inline_namespaces
    Feature record: CXX_FEATURE:1cxx_lambdas
    Feature record: CXX_FEATURE:1cxx_lambda_init_captures
    Feature record: CXX_FEATURE:1cxx_local_type_template_args
    Feature record: CXX_FEATURE:1cxx_long_long_type
    Feature record: CXX_FEATURE:1cxx_noexcept
    Feature record: CXX_FEATURE:1cxx_nonstatic_member_init
    Feature record: CXX_FEATURE:1cxx_nullptr
    Feature record: CXX_FEATURE:1cxx_override
    Feature record: CXX_FEATURE:1cxx_range_for
    Feature record: CXX_FEATURE:1cxx_raw_string_literals
    Feature record: CXX_FEATURE:1cxx_reference_qualified_functions
    Feature record: CXX_FEATURE:1cxx_relaxed_constexpr
    Feature record: CXX_FEATURE:1cxx_return_type_deduction
    Feature record: CXX_FEATURE:1cxx_right_angle_brackets
    Feature record: CXX_FEATURE:1cxx_rvalue_references
    Feature record: CXX_FEATURE:1cxx_sizeof_member
    Feature record: CXX_FEATURE:1cxx_static_assert
    Feature record: CXX_FEATURE:1cxx_strong_enums
    Feature record: CXX_FEATURE:1cxx_template_template_parameters
    Feature record: CXX_FEATURE:1cxx_thread_local
    Feature record: CXX_FEATURE:1cxx_trailing_return_types
    Feature record: CXX_FEATURE:1cxx_unicode_literals
    Feature record: CXX_FEATURE:1cxx_uniform_initialization
    Feature record: CXX_FEATURE:1cxx_unrestricted_unions
    Feature record: CXX_FEATURE:1cxx_user_literals
    Feature record: CXX_FEATURE:1cxx_variable_templates
    Feature record: CXX_FEATURE:1cxx_variadic_macros
    Feature record: CXX_FEATURE:1cxx_variadic_templates


Detecting CXX [-std=c++11] compiler features compiled with the following output:
Change Dir: /home/zhifei/Program_Data/HW_project/switch_fabric/cmake-build-debug/CMakeFiles/CMakeTmp

Run Build Command(s):/usr/bin/gmake cmTC_0fff1/fast 
/usr/bin/gmake -f CMakeFiles/cmTC_0fff1.dir/build.make CMakeFiles/cmTC_0fff1.dir/build
gmake[1]: Entering directory `/local/home/zhifei/Program_Data/HW_project/switch_fabric/cmake-build-debug/CMakeFiles/CMakeTmp'
Building CXX object CMakeFiles/cmTC_0fff1.dir/feature_tests.cxx.o
/home/zhifei/App/gcc72/bin/g++    -std=c++11 -o CMakeFiles/cmTC_0fff1.dir/feature_tests.cxx.o -c /home/zhifei/Program_Data/HW_project/switch_fabric/cmake-build-debug/CMakeFiles/feature_tests.cxx
Linking CXX executable cmTC_0fff1
/home/zhifei/App/clion-2019.1.1/bin/cmake/linux/bin/cmake -E cmake_link_script CMakeFiles/cmTC_0fff1.dir/link.txt --verbose=1
/home/zhifei/App/gcc72/bin/g++       CMakeFiles/cmTC_0fff1.dir/feature_tests.cxx.o  -o cmTC_0fff1 
gmake[1]: Leaving directory `/local/home/zhifei/Program_Data/HW_project/switch_fabric/cmake-build-debug/CMakeFiles/CMakeTmp'


    Feature record: CXX_FEATURE:0cxx_aggregate_default_initializers
    Feature record: CXX_FEATURE:1cxx_alias_templates
    Feature record: CXX_FEATURE:1cxx_alignas
    Feature record: CXX_FEATURE:1cxx_alignof
    Feature record: CXX_FEATURE:1cxx_attributes
    Feature record: CXX_FEATURE:0cxx_attribute_deprecated
    Feature record: CXX_FEATURE:1cxx_auto_type
    Feature record: CXX_FEATURE:0cxx_binary_literals
    Feature record: CXX_FEATURE:1cxx_constexpr
    Feature record: CXX_FEATURE:0cxx_contextual_conversions
    Feature record: CXX_FEATURE:1cxx_decltype
    Feature record: CXX_FEATURE:0cxx_decltype_auto
    Feature record: CXX_FEATURE:1cxx_decltype_incomplete_return_types
    Feature record: CXX_FEATURE:1cxx_default_function_template_args
    Feature record: CXX_FEATURE:1cxx_defaulted_functions
    Feature record: CXX_FEATURE:1cxx_defaulted_move_initializers
    Feature record: CXX_FEATURE:1cxx_delegating_constructors
    Feature record: CXX_FEATURE:1cxx_deleted_functions
    Feature record: CXX_FEATURE:0cxx_digit_separators
    Feature record: CXX_FEATURE:1cxx_enum_forward_declarations
    Feature record: CXX_FEATURE:1cxx_explicit_conversions
    Feature record: CXX_FEATURE:1cxx_extended_friend_declarations
    Feature record: CXX_FEATURE:1cxx_extern_templates
    Feature record: CXX_FEATURE:1cxx_final
    Feature record: CXX_FEATURE:1cxx_func_identifier
    Feature record: CXX_FEATURE:1cxx_generalized_initializers
    Feature record: CXX_FEATURE:0cxx_generic_lambdas
    Feature record: CXX_FEATURE:1cxx_inheriting_constructors
    Feature record: CXX_FEATURE:1cxx_inline_namespaces
    Feature record: CXX_FEATURE:1cxx_lambdas
    Feature record: CXX_FEATURE:0cxx_lambda_init_captures
    Feature record: CXX_FEATURE:1cxx_local_type_template_args
    Feature record: CXX_FEATURE:1cxx_long_long_type
    Feature record: CXX_FEATURE:1cxx_noexcept
    Feature record: CXX_FEATURE:1cxx_nonstatic_member_init
    Feature record: CXX_FEATURE:1cxx_nullptr
    Feature record: CXX_FEATURE:1cxx_override
    Feature record: CXX_FEATURE:1cxx_range_for
    Feature record: CXX_FEATURE:1cxx_raw_string_literals
    Feature record: CXX_FEATURE:1cxx_reference_qualified_functions
    Feature record: CXX_FEATURE:0cxx_relaxed_constexpr
    Feature record: CXX_FEATURE:0cxx_return_type_deduction
    Feature record: CXX_FEATURE:1cxx_right_angle_brackets
    Feature record: CXX_FEATURE:1cxx_rvalue_references
    Feature record: CXX_FEATURE:1cxx_sizeof_member
    Feature record: CXX_FEATURE:1cxx_static_assert
    Feature record: CXX_FEATURE:1cxx_strong_enums
    Feature record: CXX_FEATURE:1cxx_template_template_parameters
    Feature record: CXX_FEATURE:1cxx_thread_local
    Feature record: CXX_FEATURE:1cxx_trailing_return_types
    Feature record: CXX_FEATURE:1cxx_unicode_literals
    Feature record: CXX_FEATURE:1cxx_uniform_initialization
    Feature record: CXX_FEATURE:1cxx_unrestricted_unions
    Feature record: CXX_FEATURE:1cxx_user_literals
    Feature record: CXX_FEATURE:0cxx_variable_templates
    Feature record: CXX_FEATURE:1cxx_variadic_macros
    Feature record: CXX_FEATURE:1cxx_variadic_templates


Detecting CXX [-std=c++98] compiler features compiled with the following output:
Change Dir: /home/zhifei/Program_Data/HW_project/switch_fabric/cmake-build-debug/CMakeFiles/CMakeTmp

Run Build Command(s):/usr/bin/gmake cmTC_51c22/fast 
/usr/bin/gmake -f CMakeFiles/cmTC_51c22.dir/build.make CMakeFiles/cmTC_51c22.dir/build
gmake[1]: Entering directory `/local/home/zhifei/Program_Data/HW_project/switch_fabric/cmake-build-debug/CMakeFiles/CMakeTmp'
Building CXX object CMakeFiles/cmTC_51c22.dir/feature_tests.cxx.o
/home/zhifei/App/gcc72/bin/g++    -std=c++98 -o CMakeFiles/cmTC_51c22.dir/feature_tests.cxx.o -c /home/zhifei/Program_Data/HW_project/switch_fabric/cmake-build-debug/CMakeFiles/feature_tests.cxx
Linking CXX executable cmTC_51c22
/home/zhifei/App/clion-2019.1.1/bin/cmake/linux/bin/cmake -E cmake_link_script CMakeFiles/cmTC_51c22.dir/link.txt --verbose=1
/home/zhifei/App/gcc72/bin/g++       CMakeFiles/cmTC_51c22.dir/feature_tests.cxx.o  -o cmTC_51c22 
gmake[1]: Leaving directory `/local/home/zhifei/Program_Data/HW_project/switch_fabric/cmake-build-debug/CMakeFiles/CMakeTmp'


    Feature record: CXX_FEATURE:0cxx_aggregate_default_initializers
    Feature record: CXX_FEATURE:0cxx_alias_templates
    Feature record: CXX_FEATURE:0cxx_alignas
    Feature record: CXX_FEATURE:0cxx_alignof
    Feature record: CXX_FEATURE:0cxx_attributes
    Feature record: CXX_FEATURE:0cxx_attribute_deprecated
    Feature record: CXX_FEATURE:0cxx_auto_type
    Feature record: CXX_FEATURE:0cxx_binary_literals
    Feature record: CXX_FEATURE:0cxx_constexpr
    Feature record: CXX_FEATURE:0cxx_contextual_conversions
    Feature record: CXX_FEATURE:0cxx_decltype
    Feature record: CXX_FEATURE:0cxx_decltype_auto
    Feature record: CXX_FEATURE:0cxx_decltype_incomplete_return_types
    Feature record: CXX_FEATURE:0cxx_default_function_template_args
    Feature record: CXX_FEATURE:0cxx_defaulted_functions
    Feature record: CXX_FEATURE:0cxx_defaulted_move_initializers
    Feature record: CXX_FEATURE:0cxx_delegating_constructors
    Feature record: CXX_FEATURE:0cxx_deleted_functions
    Feature record: CXX_FEATURE:0cxx_digit_separators
    Feature record: CXX_FEATURE:0cxx_enum_forward_declarations
    Feature record: CXX_FEATURE:0cxx_explicit_conversions
    Feature record: CXX_FEATURE:0cxx_extended_friend_declarations
    Feature record: CXX_FEATURE:0cxx_extern_templates
    Feature record: CXX_FEATURE:0cxx_final
    Feature record: CXX_FEATURE:0cxx_func_identifier
    Feature record: CXX_FEATURE:0cxx_generalized_initializers
    Feature record: CXX_FEATURE:0cxx_generic_lambdas
    Feature record: CXX_FEATURE:0cxx_inheriting_constructors
    Feature record: CXX_FEATURE:0cxx_inline_namespaces
    Feature record: CXX_FEATURE:0cxx_lambdas
    Feature record: CXX_FEATURE:0cxx_lambda_init_captures
    Feature record: CXX_FEATURE:0cxx_local_type_template_args
    Feature record: CXX_FEATURE:0cxx_long_long_type
    Feature record: CXX_FEATURE:0cxx_noexcept
    Feature record: CXX_FEATURE:0cxx_nonstatic_member_init
    Feature record: CXX_FEATURE:0cxx_nullptr
    Feature record: CXX_FEATURE:0cxx_override
    Feature record: CXX_FEATURE:0cxx_range_for
    Feature record: CXX_FEATURE:0cxx_raw_string_literals
    Feature record: CXX_FEATURE:0cxx_reference_qualified_functions
    Feature record: CXX_FEATURE:0cxx_relaxed_constexpr
    Feature record: CXX_FEATURE:0cxx_return_type_deduction
    Feature record: CXX_FEATURE:0cxx_right_angle_brackets
    Feature record: CXX_FEATURE:0cxx_rvalue_references
    Feature record: CXX_FEATURE:0cxx_sizeof_member
    Feature record: CXX_FEATURE:0cxx_static_assert
    Feature record: CXX_FEATURE:0cxx_strong_enums
    Feature record: CXX_FEATURE:1cxx_template_template_parameters
    Feature record: CXX_FEATURE:0cxx_thread_local
    Feature record: CXX_FEATURE:0cxx_trailing_return_types
    Feature record: CXX_FEATURE:0cxx_unicode_literals
    Feature record: CXX_FEATURE:0cxx_uniform_initialization
    Feature record: CXX_FEATURE:0cxx_unrestricted_unions
    Feature record: CXX_FEATURE:0cxx_user_literals
    Feature record: CXX_FEATURE:0cxx_variable_templates
    Feature record: CXX_FEATURE:0cxx_variadic_macros
    Feature record: CXX_FEATURE:0cxx_variadic_templates
