The system is: Linux - 3.10.0-862.14.4.el7.x86_64 - x86_64
Compiling the C compiler identification source file "CMakeCCompilerId.c" succeeded.
Compiler: /home/zhifei/App/gcc91/bin/gcc 
Build flags: 
Id flags:  

The output was:
0


Compilation of the C compiler identification source "CMakeCCompilerId.c" produced "a.out"

The C compiler identification is GNU, found in "/home/zhifei/Program_Data/HW_project/switch_fabric/build/CMakeFiles/3.14.3/CompilerIdC/a.out"

Compiling the CXX compiler identification source file "CMakeCXXCompilerId.cpp" succeeded.
Compiler: /home/zhifei/App/gcc91/bin/g++ 
Build flags: 
Id flags:  

The output was:
0


Compilation of the CXX compiler identification source "CMakeCXXCompilerId.cpp" produced "a.out"

The CXX compiler identification is GNU, found in "/home/zhifei/Program_Data/HW_project/switch_fabric/build/CMakeFiles/3.14.3/CompilerIdCXX/a.out"

Determining if the C compiler works passed with the following output:
Change Dir: /home/zhifei/Program_Data/HW_project/switch_fabric/build/CMakeFiles/CMakeTmp

Run Build Command(s):/usr/bin/gmake cmTC_3e5f6/fast 
/usr/bin/gmake -f CMakeFiles/cmTC_3e5f6.dir/build.make CMakeFiles/cmTC_3e5f6.dir/build
gmake[1]: Entering directory `/local/home/zhifei/Program_Data/HW_project/switch_fabric/build/CMakeFiles/CMakeTmp'
Building C object CMakeFiles/cmTC_3e5f6.dir/testCCompiler.c.o
/home/zhifei/App/gcc91/bin/gcc    -o CMakeFiles/cmTC_3e5f6.dir/testCCompiler.c.o   -c /home/zhifei/Program_Data/HW_project/switch_fabric/build/CMakeFiles/CMakeTmp/testCCompiler.c
Linking C executable cmTC_3e5f6
/home/zhifei/App/bin/cmake -E cmake_link_script CMakeFiles/cmTC_3e5f6.dir/link.txt --verbose=1
/home/zhifei/App/gcc91/bin/gcc      -rdynamic CMakeFiles/cmTC_3e5f6.dir/testCCompiler.c.o  -o cmTC_3e5f6 
gmake[1]: Leaving directory `/local/home/zhifei/Program_Data/HW_project/switch_fabric/build/CMakeFiles/CMakeTmp'


Detecting C compiler ABI info compiled with the following output:
Change Dir: /home/zhifei/Program_Data/HW_project/switch_fabric/build/CMakeFiles/CMakeTmp

Run Build Command(s):/usr/bin/gmake cmTC_0faad/fast 
/usr/bin/gmake -f CMakeFiles/cmTC_0faad.dir/build.make CMakeFiles/cmTC_0faad.dir/build
gmake[1]: Entering directory `/local/home/zhifei/Program_Data/HW_project/switch_fabric/build/CMakeFiles/CMakeTmp'
Building C object CMakeFiles/cmTC_0faad.dir/CMakeCCompilerABI.c.o
/home/zhifei/App/gcc91/bin/gcc   -v -o CMakeFiles/cmTC_0faad.dir/CMakeCCompilerABI.c.o   -c /home/zhifei/App/share/cmake-3.14/Modules/CMakeCCompilerABI.c
Using built-in specs.
COLLECT_GCC=/home/zhifei/App/gcc91/bin/gcc
Target: x86_64-pc-linux-gnu
Configured with: ../gcc-9.1.0/configure --prefix=/home/zhifei/App/gcc91 --disable-multilib --with-system-zlib --enable-bootstrap --enable-languages=c,c++,fortran,objc,obj-c++
Thread model: posix
gcc version 9.1.0 (GCC) 
COLLECT_GCC_OPTIONS='-v' '-o' 'CMakeFiles/cmTC_0faad.dir/CMakeCCompilerABI.c.o' '-c' '-mtune=generic' '-march=x86-64'
 /local/home/zhifei/App/gcc91/bin/../libexec/gcc/x86_64-pc-linux-gnu/9.1.0/cc1 -quiet -v -iprefix /local/home/zhifei/App/gcc91/bin/../lib/gcc/x86_64-pc-linux-gnu/9.1.0/ /home/zhifei/App/share/cmake-3.14/Modules/CMakeCCompilerABI.c -quiet -dumpbase CMakeCCompilerABI.c -mtune=generic -march=x86-64 -auxbase-strip CMakeFiles/cmTC_0faad.dir/CMakeCCompilerABI.c.o -version -o /tmp/ccmVH7JH.s
GNU C17 (GCC) version 9.1.0 (x86_64-pc-linux-gnu)
	compiled by GNU C version 9.1.0, GMP version 6.1.0, MPFR version 3.1.4, MPC version 1.0.3, isl version isl-0.18-GMP

GGC heuristics: --param ggc-min-expand=100 --param ggc-min-heapsize=131072
ignoring nonexistent directory "/local/home/zhifei/App/gcc91/bin/../lib/gcc/x86_64-pc-linux-gnu/9.1.0/../../../../x86_64-pc-linux-gnu/include"
ignoring duplicate directory "/local/home/zhifei/App/gcc91/bin/../lib/gcc/../../lib/gcc/x86_64-pc-linux-gnu/9.1.0/include"
ignoring duplicate directory "/local/home/zhifei/App/gcc91/bin/../lib/gcc/../../lib/gcc/x86_64-pc-linux-gnu/9.1.0/include-fixed"
ignoring nonexistent directory "/local/home/zhifei/App/gcc91/bin/../lib/gcc/../../lib/gcc/x86_64-pc-linux-gnu/9.1.0/../../../../x86_64-pc-linux-gnu/include"
#include "..." search starts here:
#include <...> search starts here:
 /local/home/zhifei/App/gcc91/bin/../lib/gcc/x86_64-pc-linux-gnu/9.1.0/include
 /local/home/zhifei/App/gcc91/bin/../lib/gcc/x86_64-pc-linux-gnu/9.1.0/include-fixed
 /usr/local/include
 /local/home/zhifei/App/gcc91/bin/../lib/gcc/../../include
 /usr/include
End of search list.
GNU C17 (GCC) version 9.1.0 (x86_64-pc-linux-gnu)
	compiled by GNU C version 9.1.0, GMP version 6.1.0, MPFR version 3.1.4, MPC version 1.0.3, isl version isl-0.18-GMP

GGC heuristics: --param ggc-min-expand=100 --param ggc-min-heapsize=131072
Compiler executable checksum: 661a813179bc1d454fab51d00dbb969b
COLLECT_GCC_OPTIONS='-v' '-o' 'CMakeFiles/cmTC_0faad.dir/CMakeCCompilerABI.c.o' '-c' '-mtune=generic' '-march=x86-64'
 as -v --64 -o CMakeFiles/cmTC_0faad.dir/CMakeCCompilerABI.c.o /tmp/ccmVH7JH.s
GNU assembler version 2.27 (x86_64-redhat-linux) using BFD version version 2.27-34.base.el7
COMPILER_PATH=/local/home/zhifei/App/gcc91/bin/../libexec/gcc/x86_64-pc-linux-gnu/9.1.0/:/local/home/zhifei/App/gcc91/bin/../libexec/gcc/
LIBRARY_PATH=/local/home/zhifei/App/gcc91/bin/../lib/gcc/x86_64-pc-linux-gnu/9.1.0/:/local/home/zhifei/App/gcc91/bin/../lib/gcc/:/local/home/zhifei/App/gcc91/bin/../lib/gcc/x86_64-pc-linux-gnu/9.1.0/../../../../lib64/:/lib/../lib64/:/usr/lib/../lib64/:/local/home/zhifei/App/gcc91/bin/../lib/gcc/x86_64-pc-linux-gnu/9.1.0/../../../:/lib/:/usr/lib/
COLLECT_GCC_OPTIONS='-v' '-o' 'CMakeFiles/cmTC_0faad.dir/CMakeCCompilerABI.c.o' '-c' '-mtune=generic' '-march=x86-64'
Linking C executable cmTC_0faad
/home/zhifei/App/bin/cmake -E cmake_link_script CMakeFiles/cmTC_0faad.dir/link.txt --verbose=1
/home/zhifei/App/gcc91/bin/gcc     -v -rdynamic CMakeFiles/cmTC_0faad.dir/CMakeCCompilerABI.c.o  -o cmTC_0faad 
Using built-in specs.
COLLECT_GCC=/home/zhifei/App/gcc91/bin/gcc
COLLECT_LTO_WRAPPER=/local/home/zhifei/App/gcc91/bin/../libexec/gcc/x86_64-pc-linux-gnu/9.1.0/lto-wrapper
Target: x86_64-pc-linux-gnu
Configured with: ../gcc-9.1.0/configure --prefix=/home/zhifei/App/gcc91 --disable-multilib --with-system-zlib --enable-bootstrap --enable-languages=c,c++,fortran,objc,obj-c++
Thread model: posix
gcc version 9.1.0 (GCC) 
COMPILER_PATH=/local/home/zhifei/App/gcc91/bin/../libexec/gcc/x86_64-pc-linux-gnu/9.1.0/:/local/home/zhifei/App/gcc91/bin/../libexec/gcc/
LIBRARY_PATH=/local/home/zhifei/App/gcc91/bin/../lib/gcc/x86_64-pc-linux-gnu/9.1.0/:/local/home/zhifei/App/gcc91/bin/../lib/gcc/:/local/home/zhifei/App/gcc91/bin/../lib/gcc/x86_64-pc-linux-gnu/9.1.0/../../../../lib64/:/lib/../lib64/:/usr/lib/../lib64/:/local/home/zhifei/App/gcc91/bin/../lib/gcc/x86_64-pc-linux-gnu/9.1.0/../../../:/lib/:/usr/lib/
COLLECT_GCC_OPTIONS='-v' '-rdynamic' '-o' 'cmTC_0faad' '-mtune=generic' '-march=x86-64'
 /local/home/zhifei/App/gcc91/bin/../libexec/gcc/x86_64-pc-linux-gnu/9.1.0/collect2 -plugin /local/home/zhifei/App/gcc91/bin/../libexec/gcc/x86_64-pc-linux-gnu/9.1.0/liblto_plugin.so -plugin-opt=/local/home/zhifei/App/gcc91/bin/../libexec/gcc/x86_64-pc-linux-gnu/9.1.0/lto-wrapper -plugin-opt=-fresolution=/tmp/ccK1PT1J.res -plugin-opt=-pass-through=-lgcc -plugin-opt=-pass-through=-lgcc_s -plugin-opt=-pass-through=-lc -plugin-opt=-pass-through=-lgcc -plugin-opt=-pass-through=-lgcc_s --eh-frame-hdr -m elf_x86_64 -export-dynamic -dynamic-linker /lib64/ld-linux-x86-64.so.2 -o cmTC_0faad /lib/../lib64/crt1.o /lib/../lib64/crti.o /local/home/zhifei/App/gcc91/bin/../lib/gcc/x86_64-pc-linux-gnu/9.1.0/crtbegin.o -L/local/home/zhifei/App/gcc91/bin/../lib/gcc/x86_64-pc-linux-gnu/9.1.0 -L/local/home/zhifei/App/gcc91/bin/../lib/gcc -L/local/home/zhifei/App/gcc91/bin/../lib/gcc/x86_64-pc-linux-gnu/9.1.0/../../../../lib64 -L/lib/../lib64 -L/usr/lib/../lib64 -L/local/home/zhifei/App/gcc91/bin/../lib/gcc/x86_64-pc-linux-gnu/9.1.0/../../.. CMakeFiles/cmTC_0faad.dir/CMakeCCompilerABI.c.o -lgcc --as-needed -lgcc_s --no-as-needed -lc -lgcc --as-needed -lgcc_s --no-as-needed /local/home/zhifei/App/gcc91/bin/../lib/gcc/x86_64-pc-linux-gnu/9.1.0/crtend.o /lib/../lib64/crtn.o
COLLECT_GCC_OPTIONS='-v' '-rdynamic' '-o' 'cmTC_0faad' '-mtune=generic' '-march=x86-64'
gmake[1]: Leaving directory `/local/home/zhifei/Program_Data/HW_project/switch_fabric/build/CMakeFiles/CMakeTmp'


Parsed C implicit include dir info from above output: rv=done
  found start of include info
  found start of implicit include info
    add: [/local/home/zhifei/App/gcc91/bin/../lib/gcc/x86_64-pc-linux-gnu/9.1.0/include]
    add: [/local/home/zhifei/App/gcc91/bin/../lib/gcc/x86_64-pc-linux-gnu/9.1.0/include-fixed]
    add: [/usr/local/include]
    add: [/local/home/zhifei/App/gcc91/bin/../lib/gcc/../../include]
    add: [/usr/include]
  end of search list found
  collapse include dir [/local/home/zhifei/App/gcc91/bin/../lib/gcc/x86_64-pc-linux-gnu/9.1.0/include] ==> [/home/zhifei/App/gcc91/lib/gcc/x86_64-pc-linux-gnu/9.1.0/include]
  collapse include dir [/local/home/zhifei/App/gcc91/bin/../lib/gcc/x86_64-pc-linux-gnu/9.1.0/include-fixed] ==> [/home/zhifei/App/gcc91/lib/gcc/x86_64-pc-linux-gnu/9.1.0/include-fixed]
  collapse include dir [/usr/local/include] ==> [/usr/local/include]
  collapse include dir [/local/home/zhifei/App/gcc91/bin/../lib/gcc/../../include] ==> [/home/zhifei/App/gcc91/include]
  collapse include dir [/usr/include] ==> [/usr/include]
  implicit include dirs: [/home/zhifei/App/gcc91/lib/gcc/x86_64-pc-linux-gnu/9.1.0/include;/home/zhifei/App/gcc91/lib/gcc/x86_64-pc-linux-gnu/9.1.0/include-fixed;/usr/local/include;/home/zhifei/App/gcc91/include;/usr/include]


Parsed C implicit link information from above output:
  link line regex: [^( *|.*[/\])(ld|CMAKE_LINK_STARTFILE-NOTFOUND|([^/\]+-)?ld|collect2)[^/\]*( |$)]
  ignore line: [Change Dir: /home/zhifei/Program_Data/HW_project/switch_fabric/build/CMakeFiles/CMakeTmp]
  ignore line: []
  ignore line: [Run Build Command(s):/usr/bin/gmake cmTC_0faad/fast ]
  ignore line: [/usr/bin/gmake -f CMakeFiles/cmTC_0faad.dir/build.make CMakeFiles/cmTC_0faad.dir/build]
  ignore line: [gmake[1]: Entering directory `/local/home/zhifei/Program_Data/HW_project/switch_fabric/build/CMakeFiles/CMakeTmp']
  ignore line: [Building C object CMakeFiles/cmTC_0faad.dir/CMakeCCompilerABI.c.o]
  ignore line: [/home/zhifei/App/gcc91/bin/gcc   -v -o CMakeFiles/cmTC_0faad.dir/CMakeCCompilerABI.c.o   -c /home/zhifei/App/share/cmake-3.14/Modules/CMakeCCompilerABI.c]
  ignore line: [Using built-in specs.]
  ignore line: [COLLECT_GCC=/home/zhifei/App/gcc91/bin/gcc]
  ignore line: [Target: x86_64-pc-linux-gnu]
  ignore line: [Configured with: ../gcc-9.1.0/configure --prefix=/home/zhifei/App/gcc91 --disable-multilib --with-system-zlib --enable-bootstrap --enable-languages=c,c++,fortran,objc,obj-c++]
  ignore line: [Thread model: posix]
  ignore line: [gcc version 9.1.0 (GCC) ]
  ignore line: [COLLECT_GCC_OPTIONS='-v' '-o' 'CMakeFiles/cmTC_0faad.dir/CMakeCCompilerABI.c.o' '-c' '-mtune=generic' '-march=x86-64']
  ignore line: [ /local/home/zhifei/App/gcc91/bin/../libexec/gcc/x86_64-pc-linux-gnu/9.1.0/cc1 -quiet -v -iprefix /local/home/zhifei/App/gcc91/bin/../lib/gcc/x86_64-pc-linux-gnu/9.1.0/ /home/zhifei/App/share/cmake-3.14/Modules/CMakeCCompilerABI.c -quiet -dumpbase CMakeCCompilerABI.c -mtune=generic -march=x86-64 -auxbase-strip CMakeFiles/cmTC_0faad.dir/CMakeCCompilerABI.c.o -version -o /tmp/ccmVH7JH.s]
  ignore line: [GNU C17 (GCC) version 9.1.0 (x86_64-pc-linux-gnu)]
  ignore line: [	compiled by GNU C version 9.1.0, GMP version 6.1.0, MPFR version 3.1.4, MPC version 1.0.3, isl version isl-0.18-GMP]
  ignore line: []
  ignore line: [GGC heuristics: --param ggc-min-expand=100 --param ggc-min-heapsize=131072]
  ignore line: [ignoring nonexistent directory "/local/home/zhifei/App/gcc91/bin/../lib/gcc/x86_64-pc-linux-gnu/9.1.0/../../../../x86_64-pc-linux-gnu/include"]
  ignore line: [ignoring duplicate directory "/local/home/zhifei/App/gcc91/bin/../lib/gcc/../../lib/gcc/x86_64-pc-linux-gnu/9.1.0/include"]
  ignore line: [ignoring duplicate directory "/local/home/zhifei/App/gcc91/bin/../lib/gcc/../../lib/gcc/x86_64-pc-linux-gnu/9.1.0/include-fixed"]
  ignore line: [ignoring nonexistent directory "/local/home/zhifei/App/gcc91/bin/../lib/gcc/../../lib/gcc/x86_64-pc-linux-gnu/9.1.0/../../../../x86_64-pc-linux-gnu/include"]
  ignore line: [#include "..." search starts here:]
  ignore line: [#include <...> search starts here:]
  ignore line: [ /local/home/zhifei/App/gcc91/bin/../lib/gcc/x86_64-pc-linux-gnu/9.1.0/include]
  ignore line: [ /local/home/zhifei/App/gcc91/bin/../lib/gcc/x86_64-pc-linux-gnu/9.1.0/include-fixed]
  ignore line: [ /usr/local/include]
  ignore line: [ /local/home/zhifei/App/gcc91/bin/../lib/gcc/../../include]
  ignore line: [ /usr/include]
  ignore line: [End of search list.]
  ignore line: [GNU C17 (GCC) version 9.1.0 (x86_64-pc-linux-gnu)]
  ignore line: [	compiled by GNU C version 9.1.0, GMP version 6.1.0, MPFR version 3.1.4, MPC version 1.0.3, isl version isl-0.18-GMP]
  ignore line: []
  ignore line: [GGC heuristics: --param ggc-min-expand=100 --param ggc-min-heapsize=131072]
  ignore line: [Compiler executable checksum: 661a813179bc1d454fab51d00dbb969b]
  ignore line: [COLLECT_GCC_OPTIONS='-v' '-o' 'CMakeFiles/cmTC_0faad.dir/CMakeCCompilerABI.c.o' '-c' '-mtune=generic' '-march=x86-64']
  ignore line: [ as -v --64 -o CMakeFiles/cmTC_0faad.dir/CMakeCCompilerABI.c.o /tmp/ccmVH7JH.s]
  ignore line: [GNU assembler version 2.27 (x86_64-redhat-linux) using BFD version version 2.27-34.base.el7]
  ignore line: [COMPILER_PATH=/local/home/zhifei/App/gcc91/bin/../libexec/gcc/x86_64-pc-linux-gnu/9.1.0/:/local/home/zhifei/App/gcc91/bin/../libexec/gcc/]
  ignore line: [LIBRARY_PATH=/local/home/zhifei/App/gcc91/bin/../lib/gcc/x86_64-pc-linux-gnu/9.1.0/:/local/home/zhifei/App/gcc91/bin/../lib/gcc/:/local/home/zhifei/App/gcc91/bin/../lib/gcc/x86_64-pc-linux-gnu/9.1.0/../../../../lib64/:/lib/../lib64/:/usr/lib/../lib64/:/local/home/zhifei/App/gcc91/bin/../lib/gcc/x86_64-pc-linux-gnu/9.1.0/../../../:/lib/:/usr/lib/]
  ignore line: [COLLECT_GCC_OPTIONS='-v' '-o' 'CMakeFiles/cmTC_0faad.dir/CMakeCCompilerABI.c.o' '-c' '-mtune=generic' '-march=x86-64']
  ignore line: [Linking C executable cmTC_0faad]
  ignore line: [/home/zhifei/App/bin/cmake -E cmake_link_script CMakeFiles/cmTC_0faad.dir/link.txt --verbose=1]
  ignore line: [/home/zhifei/App/gcc91/bin/gcc     -v -rdynamic CMakeFiles/cmTC_0faad.dir/CMakeCCompilerABI.c.o  -o cmTC_0faad ]
  ignore line: [Using built-in specs.]
  ignore line: [COLLECT_GCC=/home/zhifei/App/gcc91/bin/gcc]
  ignore line: [COLLECT_LTO_WRAPPER=/local/home/zhifei/App/gcc91/bin/../libexec/gcc/x86_64-pc-linux-gnu/9.1.0/lto-wrapper]
  ignore line: [Target: x86_64-pc-linux-gnu]
  ignore line: [Configured with: ../gcc-9.1.0/configure --prefix=/home/zhifei/App/gcc91 --disable-multilib --with-system-zlib --enable-bootstrap --enable-languages=c,c++,fortran,objc,obj-c++]
  ignore line: [Thread model: posix]
  ignore line: [gcc version 9.1.0 (GCC) ]
  ignore line: [COMPILER_PATH=/local/home/zhifei/App/gcc91/bin/../libexec/gcc/x86_64-pc-linux-gnu/9.1.0/:/local/home/zhifei/App/gcc91/bin/../libexec/gcc/]
  ignore line: [LIBRARY_PATH=/local/home/zhifei/App/gcc91/bin/../lib/gcc/x86_64-pc-linux-gnu/9.1.0/:/local/home/zhifei/App/gcc91/bin/../lib/gcc/:/local/home/zhifei/App/gcc91/bin/../lib/gcc/x86_64-pc-linux-gnu/9.1.0/../../../../lib64/:/lib/../lib64/:/usr/lib/../lib64/:/local/home/zhifei/App/gcc91/bin/../lib/gcc/x86_64-pc-linux-gnu/9.1.0/../../../:/lib/:/usr/lib/]
  ignore line: [COLLECT_GCC_OPTIONS='-v' '-rdynamic' '-o' 'cmTC_0faad' '-mtune=generic' '-march=x86-64']
  link line: [ /local/home/zhifei/App/gcc91/bin/../libexec/gcc/x86_64-pc-linux-gnu/9.1.0/collect2 -plugin /local/home/zhifei/App/gcc91/bin/../libexec/gcc/x86_64-pc-linux-gnu/9.1.0/liblto_plugin.so -plugin-opt=/local/home/zhifei/App/gcc91/bin/../libexec/gcc/x86_64-pc-linux-gnu/9.1.0/lto-wrapper -plugin-opt=-fresolution=/tmp/ccK1PT1J.res -plugin-opt=-pass-through=-lgcc -plugin-opt=-pass-through=-lgcc_s -plugin-opt=-pass-through=-lc -plugin-opt=-pass-through=-lgcc -plugin-opt=-pass-through=-lgcc_s --eh-frame-hdr -m elf_x86_64 -export-dynamic -dynamic-linker /lib64/ld-linux-x86-64.so.2 -o cmTC_0faad /lib/../lib64/crt1.o /lib/../lib64/crti.o /local/home/zhifei/App/gcc91/bin/../lib/gcc/x86_64-pc-linux-gnu/9.1.0/crtbegin.o -L/local/home/zhifei/App/gcc91/bin/../lib/gcc/x86_64-pc-linux-gnu/9.1.0 -L/local/home/zhifei/App/gcc91/bin/../lib/gcc -L/local/home/zhifei/App/gcc91/bin/../lib/gcc/x86_64-pc-linux-gnu/9.1.0/../../../../lib64 -L/lib/../lib64 -L/usr/lib/../lib64 -L/local/home/zhifei/App/gcc91/bin/../lib/gcc/x86_64-pc-linux-gnu/9.1.0/../../.. CMakeFiles/cmTC_0faad.dir/CMakeCCompilerABI.c.o -lgcc --as-needed -lgcc_s --no-as-needed -lc -lgcc --as-needed -lgcc_s --no-as-needed /local/home/zhifei/App/gcc91/bin/../lib/gcc/x86_64-pc-linux-gnu/9.1.0/crtend.o /lib/../lib64/crtn.o]
    arg [/local/home/zhifei/App/gcc91/bin/../libexec/gcc/x86_64-pc-linux-gnu/9.1.0/collect2] ==> ignore
    arg [-plugin] ==> ignore
    arg [/local/home/zhifei/App/gcc91/bin/../libexec/gcc/x86_64-pc-linux-gnu/9.1.0/liblto_plugin.so] ==> ignore
    arg [-plugin-opt=/local/home/zhifei/App/gcc91/bin/../libexec/gcc/x86_64-pc-linux-gnu/9.1.0/lto-wrapper] ==> ignore
    arg [-plugin-opt=-fresolution=/tmp/ccK1PT1J.res] ==> ignore
    arg [-plugin-opt=-pass-through=-lgcc] ==> ignore
    arg [-plugin-opt=-pass-through=-lgcc_s] ==> ignore
    arg [-plugin-opt=-pass-through=-lc] ==> ignore
    arg [-plugin-opt=-pass-through=-lgcc] ==> ignore
    arg [-plugin-opt=-pass-through=-lgcc_s] ==> ignore
    arg [--eh-frame-hdr] ==> ignore
    arg [-m] ==> ignore
    arg [elf_x86_64] ==> ignore
    arg [-export-dynamic] ==> ignore
    arg [-dynamic-linker] ==> ignore
    arg [/lib64/ld-linux-x86-64.so.2] ==> ignore
    arg [-o] ==> ignore
    arg [cmTC_0faad] ==> ignore
    arg [/lib/../lib64/crt1.o] ==> ignore
    arg [/lib/../lib64/crti.o] ==> ignore
    arg [/local/home/zhifei/App/gcc91/bin/../lib/gcc/x86_64-pc-linux-gnu/9.1.0/crtbegin.o] ==> ignore
    arg [-L/local/home/zhifei/App/gcc91/bin/../lib/gcc/x86_64-pc-linux-gnu/9.1.0] ==> dir [/local/home/zhifei/App/gcc91/bin/../lib/gcc/x86_64-pc-linux-gnu/9.1.0]
    arg [-L/local/home/zhifei/App/gcc91/bin/../lib/gcc] ==> dir [/local/home/zhifei/App/gcc91/bin/../lib/gcc]
    arg [-L/local/home/zhifei/App/gcc91/bin/../lib/gcc/x86_64-pc-linux-gnu/9.1.0/../../../../lib64] ==> dir [/local/home/zhifei/App/gcc91/bin/../lib/gcc/x86_64-pc-linux-gnu/9.1.0/../../../../lib64]
    arg [-L/lib/../lib64] ==> dir [/lib/../lib64]
    arg [-L/usr/lib/../lib64] ==> dir [/usr/lib/../lib64]
    arg [-L/local/home/zhifei/App/gcc91/bin/../lib/gcc/x86_64-pc-linux-gnu/9.1.0/../../..] ==> dir [/local/home/zhifei/App/gcc91/bin/../lib/gcc/x86_64-pc-linux-gnu/9.1.0/../../..]
    arg [CMakeFiles/cmTC_0faad.dir/CMakeCCompilerABI.c.o] ==> ignore
    arg [-lgcc] ==> lib [gcc]
    arg [--as-needed] ==> ignore
    arg [-lgcc_s] ==> lib [gcc_s]
    arg [--no-as-needed] ==> ignore
    arg [-lc] ==> lib [c]
    arg [-lgcc] ==> lib [gcc]
    arg [--as-needed] ==> ignore
    arg [-lgcc_s] ==> lib [gcc_s]
    arg [--no-as-needed] ==> ignore
    arg [/local/home/zhifei/App/gcc91/bin/../lib/gcc/x86_64-pc-linux-gnu/9.1.0/crtend.o] ==> ignore
    arg [/lib/../lib64/crtn.o] ==> ignore
  collapse library dir [/local/home/zhifei/App/gcc91/bin/../lib/gcc/x86_64-pc-linux-gnu/9.1.0] ==> [/home/zhifei/App/gcc91/lib/gcc/x86_64-pc-linux-gnu/9.1.0]
  collapse library dir [/local/home/zhifei/App/gcc91/bin/../lib/gcc] ==> [/home/zhifei/App/gcc91/lib/gcc]
  collapse library dir [/local/home/zhifei/App/gcc91/bin/../lib/gcc/x86_64-pc-linux-gnu/9.1.0/../../../../lib64] ==> [/home/zhifei/App/gcc91/lib64]
  collapse library dir [/lib/../lib64] ==> [/lib64]
  collapse library dir [/usr/lib/../lib64] ==> [/usr/lib64]
  collapse library dir [/local/home/zhifei/App/gcc91/bin/../lib/gcc/x86_64-pc-linux-gnu/9.1.0/../../..] ==> [/home/zhifei/App/gcc91/lib]
  implicit libs: [gcc;gcc_s;c;gcc;gcc_s]
  implicit dirs: [/home/zhifei/App/gcc91/lib/gcc/x86_64-pc-linux-gnu/9.1.0;/home/zhifei/App/gcc91/lib/gcc;/home/zhifei/App/gcc91/lib64;/lib64;/usr/lib64;/home/zhifei/App/gcc91/lib]
  implicit fwks: []




Detecting C [-std=c11] compiler features compiled with the following output:
Change Dir: /home/zhifei/Program_Data/HW_project/switch_fabric/build/CMakeFiles/CMakeTmp

Run Build Command(s):/usr/bin/gmake cmTC_c1076/fast 
/usr/bin/gmake -f CMakeFiles/cmTC_c1076.dir/build.make CMakeFiles/cmTC_c1076.dir/build
gmake[1]: Entering directory `/local/home/zhifei/Program_Data/HW_project/switch_fabric/build/CMakeFiles/CMakeTmp'
Building C object CMakeFiles/cmTC_c1076.dir/feature_tests.c.o
/home/zhifei/App/gcc91/bin/gcc   -std=c11 -o CMakeFiles/cmTC_c1076.dir/feature_tests.c.o   -c /home/zhifei/Program_Data/HW_project/switch_fabric/build/CMakeFiles/feature_tests.c
Linking C executable cmTC_c1076
/home/zhifei/App/bin/cmake -E cmake_link_script CMakeFiles/cmTC_c1076.dir/link.txt --verbose=1
/home/zhifei/App/gcc91/bin/gcc      -rdynamic CMakeFiles/cmTC_c1076.dir/feature_tests.c.o  -o cmTC_c1076 
gmake[1]: Leaving directory `/local/home/zhifei/Program_Data/HW_project/switch_fabric/build/CMakeFiles/CMakeTmp'


    Feature record: C_FEATURE:1c_function_prototypes
    Feature record: C_FEATURE:1c_restrict
    Feature record: C_FEATURE:1c_static_assert
    Feature record: C_FEATURE:1c_variadic_macros


Detecting C [-std=c99] compiler features compiled with the following output:
Change Dir: /home/zhifei/Program_Data/HW_project/switch_fabric/build/CMakeFiles/CMakeTmp

Run Build Command(s):/usr/bin/gmake cmTC_fd51d/fast 
/usr/bin/gmake -f CMakeFiles/cmTC_fd51d.dir/build.make CMakeFiles/cmTC_fd51d.dir/build
gmake[1]: Entering directory `/local/home/zhifei/Program_Data/HW_project/switch_fabric/build/CMakeFiles/CMakeTmp'
Building C object CMakeFiles/cmTC_fd51d.dir/feature_tests.c.o
/home/zhifei/App/gcc91/bin/gcc   -std=c99 -o CMakeFiles/cmTC_fd51d.dir/feature_tests.c.o   -c /home/zhifei/Program_Data/HW_project/switch_fabric/build/CMakeFiles/feature_tests.c
Linking C executable cmTC_fd51d
/home/zhifei/App/bin/cmake -E cmake_link_script CMakeFiles/cmTC_fd51d.dir/link.txt --verbose=1
/home/zhifei/App/gcc91/bin/gcc      -rdynamic CMakeFiles/cmTC_fd51d.dir/feature_tests.c.o  -o cmTC_fd51d 
gmake[1]: Leaving directory `/local/home/zhifei/Program_Data/HW_project/switch_fabric/build/CMakeFiles/CMakeTmp'


    Feature record: C_FEATURE:1c_function_prototypes
    Feature record: C_FEATURE:1c_restrict
    Feature record: C_FEATURE:0c_static_assert
    Feature record: C_FEATURE:1c_variadic_macros


Detecting C [-std=c90] compiler features compiled with the following output:
Change Dir: /home/zhifei/Program_Data/HW_project/switch_fabric/build/CMakeFiles/CMakeTmp

Run Build Command(s):/usr/bin/gmake cmTC_ff4c4/fast 
/usr/bin/gmake -f CMakeFiles/cmTC_ff4c4.dir/build.make CMakeFiles/cmTC_ff4c4.dir/build
gmake[1]: Entering directory `/local/home/zhifei/Program_Data/HW_project/switch_fabric/build/CMakeFiles/CMakeTmp'
Building C object CMakeFiles/cmTC_ff4c4.dir/feature_tests.c.o
/home/zhifei/App/gcc91/bin/gcc   -std=c90 -o CMakeFiles/cmTC_ff4c4.dir/feature_tests.c.o   -c /home/zhifei/Program_Data/HW_project/switch_fabric/build/CMakeFiles/feature_tests.c
Linking C executable cmTC_ff4c4
/home/zhifei/App/bin/cmake -E cmake_link_script CMakeFiles/cmTC_ff4c4.dir/link.txt --verbose=1
/home/zhifei/App/gcc91/bin/gcc      -rdynamic CMakeFiles/cmTC_ff4c4.dir/feature_tests.c.o  -o cmTC_ff4c4 
gmake[1]: Leaving directory `/local/home/zhifei/Program_Data/HW_project/switch_fabric/build/CMakeFiles/CMakeTmp'


    Feature record: C_FEATURE:1c_function_prototypes
    Feature record: C_FEATURE:0c_restrict
    Feature record: C_FEATURE:0c_static_assert
    Feature record: C_FEATURE:0c_variadic_macros
Determining if the CXX compiler works passed with the following output:
Change Dir: /home/zhifei/Program_Data/HW_project/switch_fabric/build/CMakeFiles/CMakeTmp

Run Build Command(s):/usr/bin/gmake cmTC_e171b/fast 
/usr/bin/gmake -f CMakeFiles/cmTC_e171b.dir/build.make CMakeFiles/cmTC_e171b.dir/build
gmake[1]: Entering directory `/local/home/zhifei/Program_Data/HW_project/switch_fabric/build/CMakeFiles/CMakeTmp'
Building CXX object CMakeFiles/cmTC_e171b.dir/testCXXCompiler.cxx.o
/home/zhifei/App/gcc91/bin/g++     -o CMakeFiles/cmTC_e171b.dir/testCXXCompiler.cxx.o -c /home/zhifei/Program_Data/HW_project/switch_fabric/build/CMakeFiles/CMakeTmp/testCXXCompiler.cxx
Linking CXX executable cmTC_e171b
/home/zhifei/App/bin/cmake -E cmake_link_script CMakeFiles/cmTC_e171b.dir/link.txt --verbose=1
/home/zhifei/App/gcc91/bin/g++       -rdynamic CMakeFiles/cmTC_e171b.dir/testCXXCompiler.cxx.o  -o cmTC_e171b 
gmake[1]: Leaving directory `/local/home/zhifei/Program_Data/HW_project/switch_fabric/build/CMakeFiles/CMakeTmp'


Detecting CXX compiler ABI info compiled with the following output:
Change Dir: /home/zhifei/Program_Data/HW_project/switch_fabric/build/CMakeFiles/CMakeTmp

Run Build Command(s):/usr/bin/gmake cmTC_c7ca9/fast 
/usr/bin/gmake -f CMakeFiles/cmTC_c7ca9.dir/build.make CMakeFiles/cmTC_c7ca9.dir/build
gmake[1]: Entering directory `/local/home/zhifei/Program_Data/HW_project/switch_fabric/build/CMakeFiles/CMakeTmp'
Building CXX object CMakeFiles/cmTC_c7ca9.dir/CMakeCXXCompilerABI.cpp.o
/home/zhifei/App/gcc91/bin/g++    -v -o CMakeFiles/cmTC_c7ca9.dir/CMakeCXXCompilerABI.cpp.o -c /home/zhifei/App/share/cmake-3.14/Modules/CMakeCXXCompilerABI.cpp
Using built-in specs.
COLLECT_GCC=/home/zhifei/App/gcc91/bin/g++
Target: x86_64-pc-linux-gnu
Configured with: ../gcc-9.1.0/configure --prefix=/home/zhifei/App/gcc91 --disable-multilib --with-system-zlib --enable-bootstrap --enable-languages=c,c++,fortran,objc,obj-c++
Thread model: posix
gcc version 9.1.0 (GCC) 
COLLECT_GCC_OPTIONS='-v' '-o' 'CMakeFiles/cmTC_c7ca9.dir/CMakeCXXCompilerABI.cpp.o' '-c' '-shared-libgcc' '-mtune=generic' '-march=x86-64'
 /local/home/zhifei/App/gcc91/bin/../libexec/gcc/x86_64-pc-linux-gnu/9.1.0/cc1plus -quiet -v -iprefix /local/home/zhifei/App/gcc91/bin/../lib/gcc/x86_64-pc-linux-gnu/9.1.0/ -D_GNU_SOURCE /home/zhifei/App/share/cmake-3.14/Modules/CMakeCXXCompilerABI.cpp -quiet -dumpbase CMakeCXXCompilerABI.cpp -mtune=generic -march=x86-64 -auxbase-strip CMakeFiles/cmTC_c7ca9.dir/CMakeCXXCompilerABI.cpp.o -version -o /tmp/ccl2qq4G.s
GNU C++14 (GCC) version 9.1.0 (x86_64-pc-linux-gnu)
	compiled by GNU C version 9.1.0, GMP version 6.1.0, MPFR version 3.1.4, MPC version 1.0.3, isl version isl-0.18-GMP

GGC heuristics: --param ggc-min-expand=100 --param ggc-min-heapsize=131072
ignoring nonexistent directory "/local/home/zhifei/App/gcc91/bin/../lib/gcc/x86_64-pc-linux-gnu/9.1.0/../../../../x86_64-pc-linux-gnu/include"
ignoring duplicate directory "/local/home/zhifei/App/gcc91/bin/../lib/gcc/../../lib/gcc/x86_64-pc-linux-gnu/9.1.0/../../../../include/c++/9.1.0"
ignoring duplicate directory "/local/home/zhifei/App/gcc91/bin/../lib/gcc/../../lib/gcc/x86_64-pc-linux-gnu/9.1.0/../../../../include/c++/9.1.0/x86_64-pc-linux-gnu"
ignoring duplicate directory "/local/home/zhifei/App/gcc91/bin/../lib/gcc/../../lib/gcc/x86_64-pc-linux-gnu/9.1.0/../../../../include/c++/9.1.0/backward"
ignoring duplicate directory "/local/home/zhifei/App/gcc91/bin/../lib/gcc/../../lib/gcc/x86_64-pc-linux-gnu/9.1.0/include"
ignoring duplicate directory "/local/home/zhifei/App/gcc91/bin/../lib/gcc/../../lib/gcc/x86_64-pc-linux-gnu/9.1.0/include-fixed"
ignoring nonexistent directory "/local/home/zhifei/App/gcc91/bin/../lib/gcc/../../lib/gcc/x86_64-pc-linux-gnu/9.1.0/../../../../x86_64-pc-linux-gnu/include"
#include "..." search starts here:
#include <...> search starts here:
 /local/home/zhifei/App/gcc91/bin/../lib/gcc/x86_64-pc-linux-gnu/9.1.0/../../../../include/c++/9.1.0
 /local/home/zhifei/App/gcc91/bin/../lib/gcc/x86_64-pc-linux-gnu/9.1.0/../../../../include/c++/9.1.0/x86_64-pc-linux-gnu
 /local/home/zhifei/App/gcc91/bin/../lib/gcc/x86_64-pc-linux-gnu/9.1.0/../../../../include/c++/9.1.0/backward
 /local/home/zhifei/App/gcc91/bin/../lib/gcc/x86_64-pc-linux-gnu/9.1.0/include
 /local/home/zhifei/App/gcc91/bin/../lib/gcc/x86_64-pc-linux-gnu/9.1.0/include-fixed
 /usr/local/include
 /local/home/zhifei/App/gcc91/bin/../lib/gcc/../../include
 /usr/include
End of search list.
GNU C++14 (GCC) version 9.1.0 (x86_64-pc-linux-gnu)
	compiled by GNU C version 9.1.0, GMP version 6.1.0, MPFR version 3.1.4, MPC version 1.0.3, isl version isl-0.18-GMP

GGC heuristics: --param ggc-min-expand=100 --param ggc-min-heapsize=131072
Compiler executable checksum: d7b77859e6f3532806bdce9440a9ce34
COLLECT_GCC_OPTIONS='-v' '-o' 'CMakeFiles/cmTC_c7ca9.dir/CMakeCXXCompilerABI.cpp.o' '-c' '-shared-libgcc' '-mtune=generic' '-march=x86-64'
 as -v --64 -o CMakeFiles/cmTC_c7ca9.dir/CMakeCXXCompilerABI.cpp.o /tmp/ccl2qq4G.s
GNU assembler version 2.27 (x86_64-redhat-linux) using BFD version version 2.27-34.base.el7
COMPILER_PATH=/local/home/zhifei/App/gcc91/bin/../libexec/gcc/x86_64-pc-linux-gnu/9.1.0/:/local/home/zhifei/App/gcc91/bin/../libexec/gcc/
LIBRARY_PATH=/local/home/zhifei/App/gcc91/bin/../lib/gcc/x86_64-pc-linux-gnu/9.1.0/:/local/home/zhifei/App/gcc91/bin/../lib/gcc/:/local/home/zhifei/App/gcc91/bin/../lib/gcc/x86_64-pc-linux-gnu/9.1.0/../../../../lib64/:/lib/../lib64/:/usr/lib/../lib64/:/local/home/zhifei/App/gcc91/bin/../lib/gcc/x86_64-pc-linux-gnu/9.1.0/../../../:/lib/:/usr/lib/
COLLECT_GCC_OPTIONS='-v' '-o' 'CMakeFiles/cmTC_c7ca9.dir/CMakeCXXCompilerABI.cpp.o' '-c' '-shared-libgcc' '-mtune=generic' '-march=x86-64'
Linking CXX executable cmTC_c7ca9
/home/zhifei/App/bin/cmake -E cmake_link_script CMakeFiles/cmTC_c7ca9.dir/link.txt --verbose=1
/home/zhifei/App/gcc91/bin/g++      -v -rdynamic CMakeFiles/cmTC_c7ca9.dir/CMakeCXXCompilerABI.cpp.o  -o cmTC_c7ca9 
Using built-in specs.
COLLECT_GCC=/home/zhifei/App/gcc91/bin/g++
COLLECT_LTO_WRAPPER=/local/home/zhifei/App/gcc91/bin/../libexec/gcc/x86_64-pc-linux-gnu/9.1.0/lto-wrapper
Target: x86_64-pc-linux-gnu
Configured with: ../gcc-9.1.0/configure --prefix=/home/zhifei/App/gcc91 --disable-multilib --with-system-zlib --enable-bootstrap --enable-languages=c,c++,fortran,objc,obj-c++
Thread model: posix
gcc version 9.1.0 (GCC) 
COMPILER_PATH=/local/home/zhifei/App/gcc91/bin/../libexec/gcc/x86_64-pc-linux-gnu/9.1.0/:/local/home/zhifei/App/gcc91/bin/../libexec/gcc/
LIBRARY_PATH=/local/home/zhifei/App/gcc91/bin/../lib/gcc/x86_64-pc-linux-gnu/9.1.0/:/local/home/zhifei/App/gcc91/bin/../lib/gcc/:/local/home/zhifei/App/gcc91/bin/../lib/gcc/x86_64-pc-linux-gnu/9.1.0/../../../../lib64/:/lib/../lib64/:/usr/lib/../lib64/:/local/home/zhifei/App/gcc91/bin/../lib/gcc/x86_64-pc-linux-gnu/9.1.0/../../../:/lib/:/usr/lib/
COLLECT_GCC_OPTIONS='-v' '-rdynamic' '-o' 'cmTC_c7ca9' '-shared-libgcc' '-mtune=generic' '-march=x86-64'
 /local/home/zhifei/App/gcc91/bin/../libexec/gcc/x86_64-pc-linux-gnu/9.1.0/collect2 -plugin /local/home/zhifei/App/gcc91/bin/../libexec/gcc/x86_64-pc-linux-gnu/9.1.0/liblto_plugin.so -plugin-opt=/local/home/zhifei/App/gcc91/bin/../libexec/gcc/x86_64-pc-linux-gnu/9.1.0/lto-wrapper -plugin-opt=-fresolution=/tmp/ccz4Nf9A.res -plugin-opt=-pass-through=-lgcc_s -plugin-opt=-pass-through=-lgcc -plugin-opt=-pass-through=-lc -plugin-opt=-pass-through=-lgcc_s -plugin-opt=-pass-through=-lgcc --eh-frame-hdr -m elf_x86_64 -export-dynamic -dynamic-linker /lib64/ld-linux-x86-64.so.2 -o cmTC_c7ca9 /lib/../lib64/crt1.o /lib/../lib64/crti.o /local/home/zhifei/App/gcc91/bin/../lib/gcc/x86_64-pc-linux-gnu/9.1.0/crtbegin.o -L/local/home/zhifei/App/gcc91/bin/../lib/gcc/x86_64-pc-linux-gnu/9.1.0 -L/local/home/zhifei/App/gcc91/bin/../lib/gcc -L/local/home/zhifei/App/gcc91/bin/../lib/gcc/x86_64-pc-linux-gnu/9.1.0/../../../../lib64 -L/lib/../lib64 -L/usr/lib/../lib64 -L/local/home/zhifei/App/gcc91/bin/../lib/gcc/x86_64-pc-linux-gnu/9.1.0/../../.. CMakeFiles/cmTC_c7ca9.dir/CMakeCXXCompilerABI.cpp.o -lstdc++ -lm -lgcc_s -lgcc -lc -lgcc_s -lgcc /local/home/zhifei/App/gcc91/bin/../lib/gcc/x86_64-pc-linux-gnu/9.1.0/crtend.o /lib/../lib64/crtn.o
COLLECT_GCC_OPTIONS='-v' '-rdynamic' '-o' 'cmTC_c7ca9' '-shared-libgcc' '-mtune=generic' '-march=x86-64'
gmake[1]: Leaving directory `/local/home/zhifei/Program_Data/HW_project/switch_fabric/build/CMakeFiles/CMakeTmp'


Parsed CXX implicit include dir info from above output: rv=done
  found start of include info
  found start of implicit include info
    add: [/local/home/zhifei/App/gcc91/bin/../lib/gcc/x86_64-pc-linux-gnu/9.1.0/../../../../include/c++/9.1.0]
    add: [/local/home/zhifei/App/gcc91/bin/../lib/gcc/x86_64-pc-linux-gnu/9.1.0/../../../../include/c++/9.1.0/x86_64-pc-linux-gnu]
    add: [/local/home/zhifei/App/gcc91/bin/../lib/gcc/x86_64-pc-linux-gnu/9.1.0/../../../../include/c++/9.1.0/backward]
    add: [/local/home/zhifei/App/gcc91/bin/../lib/gcc/x86_64-pc-linux-gnu/9.1.0/include]
    add: [/local/home/zhifei/App/gcc91/bin/../lib/gcc/x86_64-pc-linux-gnu/9.1.0/include-fixed]
    add: [/usr/local/include]
    add: [/local/home/zhifei/App/gcc91/bin/../lib/gcc/../../include]
    add: [/usr/include]
  end of search list found
  collapse include dir [/local/home/zhifei/App/gcc91/bin/../lib/gcc/x86_64-pc-linux-gnu/9.1.0/../../../../include/c++/9.1.0] ==> [/home/zhifei/App/gcc91/include/c++/9.1.0]
  collapse include dir [/local/home/zhifei/App/gcc91/bin/../lib/gcc/x86_64-pc-linux-gnu/9.1.0/../../../../include/c++/9.1.0/x86_64-pc-linux-gnu] ==> [/home/zhifei/App/gcc91/include/c++/9.1.0/x86_64-pc-linux-gnu]
  collapse include dir [/local/home/zhifei/App/gcc91/bin/../lib/gcc/x86_64-pc-linux-gnu/9.1.0/../../../../include/c++/9.1.0/backward] ==> [/home/zhifei/App/gcc91/include/c++/9.1.0/backward]
  collapse include dir [/local/home/zhifei/App/gcc91/bin/../lib/gcc/x86_64-pc-linux-gnu/9.1.0/include] ==> [/home/zhifei/App/gcc91/lib/gcc/x86_64-pc-linux-gnu/9.1.0/include]
  collapse include dir [/local/home/zhifei/App/gcc91/bin/../lib/gcc/x86_64-pc-linux-gnu/9.1.0/include-fixed] ==> [/home/zhifei/App/gcc91/lib/gcc/x86_64-pc-linux-gnu/9.1.0/include-fixed]
  collapse include dir [/usr/local/include] ==> [/usr/local/include]
  collapse include dir [/local/home/zhifei/App/gcc91/bin/../lib/gcc/../../include] ==> [/home/zhifei/App/gcc91/include]
  collapse include dir [/usr/include] ==> [/usr/include]
  implicit include dirs: [/home/zhifei/App/gcc91/include/c++/9.1.0;/home/zhifei/App/gcc91/include/c++/9.1.0/x86_64-pc-linux-gnu;/home/zhifei/App/gcc91/include/c++/9.1.0/backward;/home/zhifei/App/gcc91/lib/gcc/x86_64-pc-linux-gnu/9.1.0/include;/home/zhifei/App/gcc91/lib/gcc/x86_64-pc-linux-gnu/9.1.0/include-fixed;/usr/local/include;/home/zhifei/App/gcc91/include;/usr/include]


Parsed CXX implicit link information from above output:
  link line regex: [^( *|.*[/\])(ld|CMAKE_LINK_STARTFILE-NOTFOUND|([^/\]+-)?ld|collect2)[^/\]*( |$)]
  ignore line: [Change Dir: /home/zhifei/Program_Data/HW_project/switch_fabric/build/CMakeFiles/CMakeTmp]
  ignore line: []
  ignore line: [Run Build Command(s):/usr/bin/gmake cmTC_c7ca9/fast ]
  ignore line: [/usr/bin/gmake -f CMakeFiles/cmTC_c7ca9.dir/build.make CMakeFiles/cmTC_c7ca9.dir/build]
  ignore line: [gmake[1]: Entering directory `/local/home/zhifei/Program_Data/HW_project/switch_fabric/build/CMakeFiles/CMakeTmp']
  ignore line: [Building CXX object CMakeFiles/cmTC_c7ca9.dir/CMakeCXXCompilerABI.cpp.o]
  ignore line: [/home/zhifei/App/gcc91/bin/g++    -v -o CMakeFiles/cmTC_c7ca9.dir/CMakeCXXCompilerABI.cpp.o -c /home/zhifei/App/share/cmake-3.14/Modules/CMakeCXXCompilerABI.cpp]
  ignore line: [Using built-in specs.]
  ignore line: [COLLECT_GCC=/home/zhifei/App/gcc91/bin/g++]
  ignore line: [Target: x86_64-pc-linux-gnu]
  ignore line: [Configured with: ../gcc-9.1.0/configure --prefix=/home/zhifei/App/gcc91 --disable-multilib --with-system-zlib --enable-bootstrap --enable-languages=c,c++,fortran,objc,obj-c++]
  ignore line: [Thread model: posix]
  ignore line: [gcc version 9.1.0 (GCC) ]
  ignore line: [COLLECT_GCC_OPTIONS='-v' '-o' 'CMakeFiles/cmTC_c7ca9.dir/CMakeCXXCompilerABI.cpp.o' '-c' '-shared-libgcc' '-mtune=generic' '-march=x86-64']
  ignore line: [ /local/home/zhifei/App/gcc91/bin/../libexec/gcc/x86_64-pc-linux-gnu/9.1.0/cc1plus -quiet -v -iprefix /local/home/zhifei/App/gcc91/bin/../lib/gcc/x86_64-pc-linux-gnu/9.1.0/ -D_GNU_SOURCE /home/zhifei/App/share/cmake-3.14/Modules/CMakeCXXCompilerABI.cpp -quiet -dumpbase CMakeCXXCompilerABI.cpp -mtune=generic -march=x86-64 -auxbase-strip CMakeFiles/cmTC_c7ca9.dir/CMakeCXXCompilerABI.cpp.o -version -o /tmp/ccl2qq4G.s]
  ignore line: [GNU C++14 (GCC) version 9.1.0 (x86_64-pc-linux-gnu)]
  ignore line: [	compiled by GNU C version 9.1.0, GMP version 6.1.0, MPFR version 3.1.4, MPC version 1.0.3, isl version isl-0.18-GMP]
  ignore line: []
  ignore line: [GGC heuristics: --param ggc-min-expand=100 --param ggc-min-heapsize=131072]
  ignore line: [ignoring nonexistent directory "/local/home/zhifei/App/gcc91/bin/../lib/gcc/x86_64-pc-linux-gnu/9.1.0/../../../../x86_64-pc-linux-gnu/include"]
  ignore line: [ignoring duplicate directory "/local/home/zhifei/App/gcc91/bin/../lib/gcc/../../lib/gcc/x86_64-pc-linux-gnu/9.1.0/../../../../include/c++/9.1.0"]
  ignore line: [ignoring duplicate directory "/local/home/zhifei/App/gcc91/bin/../lib/gcc/../../lib/gcc/x86_64-pc-linux-gnu/9.1.0/../../../../include/c++/9.1.0/x86_64-pc-linux-gnu"]
  ignore line: [ignoring duplicate directory "/local/home/zhifei/App/gcc91/bin/../lib/gcc/../../lib/gcc/x86_64-pc-linux-gnu/9.1.0/../../../../include/c++/9.1.0/backward"]
  ignore line: [ignoring duplicate directory "/local/home/zhifei/App/gcc91/bin/../lib/gcc/../../lib/gcc/x86_64-pc-linux-gnu/9.1.0/include"]
  ignore line: [ignoring duplicate directory "/local/home/zhifei/App/gcc91/bin/../lib/gcc/../../lib/gcc/x86_64-pc-linux-gnu/9.1.0/include-fixed"]
  ignore line: [ignoring nonexistent directory "/local/home/zhifei/App/gcc91/bin/../lib/gcc/../../lib/gcc/x86_64-pc-linux-gnu/9.1.0/../../../../x86_64-pc-linux-gnu/include"]
  ignore line: [#include "..." search starts here:]
  ignore line: [#include <...> search starts here:]
  ignore line: [ /local/home/zhifei/App/gcc91/bin/../lib/gcc/x86_64-pc-linux-gnu/9.1.0/../../../../include/c++/9.1.0]
  ignore line: [ /local/home/zhifei/App/gcc91/bin/../lib/gcc/x86_64-pc-linux-gnu/9.1.0/../../../../include/c++/9.1.0/x86_64-pc-linux-gnu]
  ignore line: [ /local/home/zhifei/App/gcc91/bin/../lib/gcc/x86_64-pc-linux-gnu/9.1.0/../../../../include/c++/9.1.0/backward]
  ignore line: [ /local/home/zhifei/App/gcc91/bin/../lib/gcc/x86_64-pc-linux-gnu/9.1.0/include]
  ignore line: [ /local/home/zhifei/App/gcc91/bin/../lib/gcc/x86_64-pc-linux-gnu/9.1.0/include-fixed]
  ignore line: [ /usr/local/include]
  ignore line: [ /local/home/zhifei/App/gcc91/bin/../lib/gcc/../../include]
  ignore line: [ /usr/include]
  ignore line: [End of search list.]
  ignore line: [GNU C++14 (GCC) version 9.1.0 (x86_64-pc-linux-gnu)]
  ignore line: [	compiled by GNU C version 9.1.0, GMP version 6.1.0, MPFR version 3.1.4, MPC version 1.0.3, isl version isl-0.18-GMP]
  ignore line: []
  ignore line: [GGC heuristics: --param ggc-min-expand=100 --param ggc-min-heapsize=131072]
  ignore line: [Compiler executable checksum: d7b77859e6f3532806bdce9440a9ce34]
  ignore line: [COLLECT_GCC_OPTIONS='-v' '-o' 'CMakeFiles/cmTC_c7ca9.dir/CMakeCXXCompilerABI.cpp.o' '-c' '-shared-libgcc' '-mtune=generic' '-march=x86-64']
  ignore line: [ as -v --64 -o CMakeFiles/cmTC_c7ca9.dir/CMakeCXXCompilerABI.cpp.o /tmp/ccl2qq4G.s]
  ignore line: [GNU assembler version 2.27 (x86_64-redhat-linux) using BFD version version 2.27-34.base.el7]
  ignore line: [COMPILER_PATH=/local/home/zhifei/App/gcc91/bin/../libexec/gcc/x86_64-pc-linux-gnu/9.1.0/:/local/home/zhifei/App/gcc91/bin/../libexec/gcc/]
  ignore line: [LIBRARY_PATH=/local/home/zhifei/App/gcc91/bin/../lib/gcc/x86_64-pc-linux-gnu/9.1.0/:/local/home/zhifei/App/gcc91/bin/../lib/gcc/:/local/home/zhifei/App/gcc91/bin/../lib/gcc/x86_64-pc-linux-gnu/9.1.0/../../../../lib64/:/lib/../lib64/:/usr/lib/../lib64/:/local/home/zhifei/App/gcc91/bin/../lib/gcc/x86_64-pc-linux-gnu/9.1.0/../../../:/lib/:/usr/lib/]
  ignore line: [COLLECT_GCC_OPTIONS='-v' '-o' 'CMakeFiles/cmTC_c7ca9.dir/CMakeCXXCompilerABI.cpp.o' '-c' '-shared-libgcc' '-mtune=generic' '-march=x86-64']
  ignore line: [Linking CXX executable cmTC_c7ca9]
  ignore line: [/home/zhifei/App/bin/cmake -E cmake_link_script CMakeFiles/cmTC_c7ca9.dir/link.txt --verbose=1]
  ignore line: [/home/zhifei/App/gcc91/bin/g++      -v -rdynamic CMakeFiles/cmTC_c7ca9.dir/CMakeCXXCompilerABI.cpp.o  -o cmTC_c7ca9 ]
  ignore line: [Using built-in specs.]
  ignore line: [COLLECT_GCC=/home/zhifei/App/gcc91/bin/g++]
  ignore line: [COLLECT_LTO_WRAPPER=/local/home/zhifei/App/gcc91/bin/../libexec/gcc/x86_64-pc-linux-gnu/9.1.0/lto-wrapper]
  ignore line: [Target: x86_64-pc-linux-gnu]
  ignore line: [Configured with: ../gcc-9.1.0/configure --prefix=/home/zhifei/App/gcc91 --disable-multilib --with-system-zlib --enable-bootstrap --enable-languages=c,c++,fortran,objc,obj-c++]
  ignore line: [Thread model: posix]
  ignore line: [gcc version 9.1.0 (GCC) ]
  ignore line: [COMPILER_PATH=/local/home/zhifei/App/gcc91/bin/../libexec/gcc/x86_64-pc-linux-gnu/9.1.0/:/local/home/zhifei/App/gcc91/bin/../libexec/gcc/]
  ignore line: [LIBRARY_PATH=/local/home/zhifei/App/gcc91/bin/../lib/gcc/x86_64-pc-linux-gnu/9.1.0/:/local/home/zhifei/App/gcc91/bin/../lib/gcc/:/local/home/zhifei/App/gcc91/bin/../lib/gcc/x86_64-pc-linux-gnu/9.1.0/../../../../lib64/:/lib/../lib64/:/usr/lib/../lib64/:/local/home/zhifei/App/gcc91/bin/../lib/gcc/x86_64-pc-linux-gnu/9.1.0/../../../:/lib/:/usr/lib/]
  ignore line: [COLLECT_GCC_OPTIONS='-v' '-rdynamic' '-o' 'cmTC_c7ca9' '-shared-libgcc' '-mtune=generic' '-march=x86-64']
  link line: [ /local/home/zhifei/App/gcc91/bin/../libexec/gcc/x86_64-pc-linux-gnu/9.1.0/collect2 -plugin /local/home/zhifei/App/gcc91/bin/../libexec/gcc/x86_64-pc-linux-gnu/9.1.0/liblto_plugin.so -plugin-opt=/local/home/zhifei/App/gcc91/bin/../libexec/gcc/x86_64-pc-linux-gnu/9.1.0/lto-wrapper -plugin-opt=-fresolution=/tmp/ccz4Nf9A.res -plugin-opt=-pass-through=-lgcc_s -plugin-opt=-pass-through=-lgcc -plugin-opt=-pass-through=-lc -plugin-opt=-pass-through=-lgcc_s -plugin-opt=-pass-through=-lgcc --eh-frame-hdr -m elf_x86_64 -export-dynamic -dynamic-linker /lib64/ld-linux-x86-64.so.2 -o cmTC_c7ca9 /lib/../lib64/crt1.o /lib/../lib64/crti.o /local/home/zhifei/App/gcc91/bin/../lib/gcc/x86_64-pc-linux-gnu/9.1.0/crtbegin.o -L/local/home/zhifei/App/gcc91/bin/../lib/gcc/x86_64-pc-linux-gnu/9.1.0 -L/local/home/zhifei/App/gcc91/bin/../lib/gcc -L/local/home/zhifei/App/gcc91/bin/../lib/gcc/x86_64-pc-linux-gnu/9.1.0/../../../../lib64 -L/lib/../lib64 -L/usr/lib/../lib64 -L/local/home/zhifei/App/gcc91/bin/../lib/gcc/x86_64-pc-linux-gnu/9.1.0/../../.. CMakeFiles/cmTC_c7ca9.dir/CMakeCXXCompilerABI.cpp.o -lstdc++ -lm -lgcc_s -lgcc -lc -lgcc_s -lgcc /local/home/zhifei/App/gcc91/bin/../lib/gcc/x86_64-pc-linux-gnu/9.1.0/crtend.o /lib/../lib64/crtn.o]
    arg [/local/home/zhifei/App/gcc91/bin/../libexec/gcc/x86_64-pc-linux-gnu/9.1.0/collect2] ==> ignore
    arg [-plugin] ==> ignore
    arg [/local/home/zhifei/App/gcc91/bin/../libexec/gcc/x86_64-pc-linux-gnu/9.1.0/liblto_plugin.so] ==> ignore
    arg [-plugin-opt=/local/home/zhifei/App/gcc91/bin/../libexec/gcc/x86_64-pc-linux-gnu/9.1.0/lto-wrapper] ==> ignore
    arg [-plugin-opt=-fresolution=/tmp/ccz4Nf9A.res] ==> ignore
    arg [-plugin-opt=-pass-through=-lgcc_s] ==> ignore
    arg [-plugin-opt=-pass-through=-lgcc] ==> ignore
    arg [-plugin-opt=-pass-through=-lc] ==> ignore
    arg [-plugin-opt=-pass-through=-lgcc_s] ==> ignore
    arg [-plugin-opt=-pass-through=-lgcc] ==> ignore
    arg [--eh-frame-hdr] ==> ignore
    arg [-m] ==> ignore
    arg [elf_x86_64] ==> ignore
    arg [-export-dynamic] ==> ignore
    arg [-dynamic-linker] ==> ignore
    arg [/lib64/ld-linux-x86-64.so.2] ==> ignore
    arg [-o] ==> ignore
    arg [cmTC_c7ca9] ==> ignore
    arg [/lib/../lib64/crt1.o] ==> ignore
    arg [/lib/../lib64/crti.o] ==> ignore
    arg [/local/home/zhifei/App/gcc91/bin/../lib/gcc/x86_64-pc-linux-gnu/9.1.0/crtbegin.o] ==> ignore
    arg [-L/local/home/zhifei/App/gcc91/bin/../lib/gcc/x86_64-pc-linux-gnu/9.1.0] ==> dir [/local/home/zhifei/App/gcc91/bin/../lib/gcc/x86_64-pc-linux-gnu/9.1.0]
    arg [-L/local/home/zhifei/App/gcc91/bin/../lib/gcc] ==> dir [/local/home/zhifei/App/gcc91/bin/../lib/gcc]
    arg [-L/local/home/zhifei/App/gcc91/bin/../lib/gcc/x86_64-pc-linux-gnu/9.1.0/../../../../lib64] ==> dir [/local/home/zhifei/App/gcc91/bin/../lib/gcc/x86_64-pc-linux-gnu/9.1.0/../../../../lib64]
    arg [-L/lib/../lib64] ==> dir [/lib/../lib64]
    arg [-L/usr/lib/../lib64] ==> dir [/usr/lib/../lib64]
    arg [-L/local/home/zhifei/App/gcc91/bin/../lib/gcc/x86_64-pc-linux-gnu/9.1.0/../../..] ==> dir [/local/home/zhifei/App/gcc91/bin/../lib/gcc/x86_64-pc-linux-gnu/9.1.0/../../..]
    arg [CMakeFiles/cmTC_c7ca9.dir/CMakeCXXCompilerABI.cpp.o] ==> ignore
    arg [-lstdc++] ==> lib [stdc++]
    arg [-lm] ==> lib [m]
    arg [-lgcc_s] ==> lib [gcc_s]
    arg [-lgcc] ==> lib [gcc]
    arg [-lc] ==> lib [c]
    arg [-lgcc_s] ==> lib [gcc_s]
    arg [-lgcc] ==> lib [gcc]
    arg [/local/home/zhifei/App/gcc91/bin/../lib/gcc/x86_64-pc-linux-gnu/9.1.0/crtend.o] ==> ignore
    arg [/lib/../lib64/crtn.o] ==> ignore
  collapse library dir [/local/home/zhifei/App/gcc91/bin/../lib/gcc/x86_64-pc-linux-gnu/9.1.0] ==> [/home/zhifei/App/gcc91/lib/gcc/x86_64-pc-linux-gnu/9.1.0]
  collapse library dir [/local/home/zhifei/App/gcc91/bin/../lib/gcc] ==> [/home/zhifei/App/gcc91/lib/gcc]
  collapse library dir [/local/home/zhifei/App/gcc91/bin/../lib/gcc/x86_64-pc-linux-gnu/9.1.0/../../../../lib64] ==> [/home/zhifei/App/gcc91/lib64]
  collapse library dir [/lib/../lib64] ==> [/lib64]
  collapse library dir [/usr/lib/../lib64] ==> [/usr/lib64]
  collapse library dir [/local/home/zhifei/App/gcc91/bin/../lib/gcc/x86_64-pc-linux-gnu/9.1.0/../../..] ==> [/home/zhifei/App/gcc91/lib]
  implicit libs: [stdc++;m;gcc_s;gcc;c;gcc_s;gcc]
  implicit dirs: [/home/zhifei/App/gcc91/lib/gcc/x86_64-pc-linux-gnu/9.1.0;/home/zhifei/App/gcc91/lib/gcc;/home/zhifei/App/gcc91/lib64;/lib64;/usr/lib64;/home/zhifei/App/gcc91/lib]
  implicit fwks: []




Detecting CXX [-std=c++2a] compiler features compiled with the following output:
Change Dir: /home/zhifei/Program_Data/HW_project/switch_fabric/build/CMakeFiles/CMakeTmp

Run Build Command(s):/usr/bin/gmake cmTC_f1ecc/fast 
/usr/bin/gmake -f CMakeFiles/cmTC_f1ecc.dir/build.make CMakeFiles/cmTC_f1ecc.dir/build
gmake[1]: Entering directory `/local/home/zhifei/Program_Data/HW_project/switch_fabric/build/CMakeFiles/CMakeTmp'
Building CXX object CMakeFiles/cmTC_f1ecc.dir/feature_tests.cxx.o
/home/zhifei/App/gcc91/bin/g++    -std=c++2a -o CMakeFiles/cmTC_f1ecc.dir/feature_tests.cxx.o -c /home/zhifei/Program_Data/HW_project/switch_fabric/build/CMakeFiles/feature_tests.cxx
Linking CXX executable cmTC_f1ecc
/home/zhifei/App/bin/cmake -E cmake_link_script CMakeFiles/cmTC_f1ecc.dir/link.txt --verbose=1
/home/zhifei/App/gcc91/bin/g++       -rdynamic CMakeFiles/cmTC_f1ecc.dir/feature_tests.cxx.o  -o cmTC_f1ecc 
gmake[1]: Leaving directory `/local/home/zhifei/Program_Data/HW_project/switch_fabric/build/CMakeFiles/CMakeTmp'


    Feature record: CXX_FEATURE:1cxx_aggregate_default_initializers
    Feature record: CXX_FEATURE:1cxx_alias_templates
    Feature record: CXX_FEATURE:1cxx_alignas
    Feature record: CXX_FEATURE:1cxx_alignof
    Feature record: CXX_FEATURE:1cxx_attributes
    Feature record: CXX_FEATURE:1cxx_attribute_deprecated
    Feature record: CXX_FEATURE:1cxx_auto_type
    Feature record: CXX_FEATURE:1cxx_binary_literals
    Feature record: CXX_FEATURE:1cxx_constexpr
    Feature record: CXX_FEATURE:1cxx_contextual_conversions
    Feature record: CXX_FEATURE:1cxx_decltype
    Feature record: CXX_FEATURE:1cxx_decltype_auto
    Feature record: CXX_FEATURE:1cxx_decltype_incomplete_return_types
    Feature record: CXX_FEATURE:1cxx_default_function_template_args
    Feature record: CXX_FEATURE:1cxx_defaulted_functions
    Feature record: CXX_FEATURE:1cxx_defaulted_move_initializers
    Feature record: CXX_FEATURE:1cxx_delegating_constructors
    Feature record: CXX_FEATURE:1cxx_deleted_functions
    Feature record: CXX_FEATURE:1cxx_digit_separators
    Feature record: CXX_FEATURE:1cxx_enum_forward_declarations
    Feature record: CXX_FEATURE:1cxx_explicit_conversions
    Feature record: CXX_FEATURE:1cxx_extended_friend_declarations
    Feature record: CXX_FEATURE:1cxx_extern_templates
    Feature record: CXX_FEATURE:1cxx_final
    Feature record: CXX_FEATURE:1cxx_func_identifier
    Feature record: CXX_FEATURE:1cxx_generalized_initializers
    Feature record: CXX_FEATURE:1cxx_generic_lambdas
    Feature record: CXX_FEATURE:1cxx_inheriting_constructors
    Feature record: CXX_FEATURE:1cxx_inline_namespaces
    Feature record: CXX_FEATURE:1cxx_lambdas
    Feature record: CXX_FEATURE:1cxx_lambda_init_captures
    Feature record: CXX_FEATURE:1cxx_local_type_template_args
    Feature record: CXX_FEATURE:1cxx_long_long_type
    Feature record: CXX_FEATURE:1cxx_noexcept
    Feature record: CXX_FEATURE:1cxx_nonstatic_member_init
    Feature record: CXX_FEATURE:1cxx_nullptr
    Feature record: CXX_FEATURE:1cxx_override
    Feature record: CXX_FEATURE:1cxx_range_for
    Feature record: CXX_FEATURE:1cxx_raw_string_literals
    Feature record: CXX_FEATURE:1cxx_reference_qualified_functions
    Feature record: CXX_FEATURE:1cxx_relaxed_constexpr
    Feature record: CXX_FEATURE:1cxx_return_type_deduction
    Feature record: CXX_FEATURE:1cxx_right_angle_brackets
    Feature record: CXX_FEATURE:1cxx_rvalue_references
    Feature record: CXX_FEATURE:1cxx_sizeof_member
    Feature record: CXX_FEATURE:1cxx_static_assert
    Feature record: CXX_FEATURE:1cxx_strong_enums
    Feature record: CXX_FEATURE:1cxx_template_template_parameters
    Feature record: CXX_FEATURE:1cxx_thread_local
    Feature record: CXX_FEATURE:1cxx_trailing_return_types
    Feature record: CXX_FEATURE:1cxx_unicode_literals
    Feature record: CXX_FEATURE:1cxx_uniform_initialization
    Feature record: CXX_FEATURE:1cxx_unrestricted_unions
    Feature record: CXX_FEATURE:1cxx_user_literals
    Feature record: CXX_FEATURE:1cxx_variable_templates
    Feature record: CXX_FEATURE:1cxx_variadic_macros
    Feature record: CXX_FEATURE:1cxx_variadic_templates


Detecting CXX [-std=c++17] compiler features compiled with the following output:
Change Dir: /home/zhifei/Program_Data/HW_project/switch_fabric/build/CMakeFiles/CMakeTmp

Run Build Command(s):/usr/bin/gmake cmTC_7f998/fast 
/usr/bin/gmake -f CMakeFiles/cmTC_7f998.dir/build.make CMakeFiles/cmTC_7f998.dir/build
gmake[1]: Entering directory `/local/home/zhifei/Program_Data/HW_project/switch_fabric/build/CMakeFiles/CMakeTmp'
Building CXX object CMakeFiles/cmTC_7f998.dir/feature_tests.cxx.o
/home/zhifei/App/gcc91/bin/g++    -std=c++17 -o CMakeFiles/cmTC_7f998.dir/feature_tests.cxx.o -c /home/zhifei/Program_Data/HW_project/switch_fabric/build/CMakeFiles/feature_tests.cxx
Linking CXX executable cmTC_7f998
/home/zhifei/App/bin/cmake -E cmake_link_script CMakeFiles/cmTC_7f998.dir/link.txt --verbose=1
/home/zhifei/App/gcc91/bin/g++       -rdynamic CMakeFiles/cmTC_7f998.dir/feature_tests.cxx.o  -o cmTC_7f998 
gmake[1]: Leaving directory `/local/home/zhifei/Program_Data/HW_project/switch_fabric/build/CMakeFiles/CMakeTmp'


    Feature record: CXX_FEATURE:1cxx_aggregate_default_initializers
    Feature record: CXX_FEATURE:1cxx_alias_templates
    Feature record: CXX_FEATURE:1cxx_alignas
    Feature record: CXX_FEATURE:1cxx_alignof
    Feature record: CXX_FEATURE:1cxx_attributes
    Feature record: CXX_FEATURE:1cxx_attribute_deprecated
    Feature record: CXX_FEATURE:1cxx_auto_type
    Feature record: CXX_FEATURE:1cxx_binary_literals
    Feature record: CXX_FEATURE:1cxx_constexpr
    Feature record: CXX_FEATURE:1cxx_contextual_conversions
    Feature record: CXX_FEATURE:1cxx_decltype
    Feature record: CXX_FEATURE:1cxx_decltype_auto
    Feature record: CXX_FEATURE:1cxx_decltype_incomplete_return_types
    Feature record: CXX_FEATURE:1cxx_default_function_template_args
    Feature record: CXX_FEATURE:1cxx_defaulted_functions
    Feature record: CXX_FEATURE:1cxx_defaulted_move_initializers
    Feature record: CXX_FEATURE:1cxx_delegating_constructors
    Feature record: CXX_FEATURE:1cxx_deleted_functions
    Feature record: CXX_FEATURE:1cxx_digit_separators
    Feature record: CXX_FEATURE:1cxx_enum_forward_declarations
    Feature record: CXX_FEATURE:1cxx_explicit_conversions
    Feature record: CXX_FEATURE:1cxx_extended_friend_declarations
    Feature record: CXX_FEATURE:1cxx_extern_templates
    Feature record: CXX_FEATURE:1cxx_final
    Feature record: CXX_FEATURE:1cxx_func_identifier
    Feature record: CXX_FEATURE:1cxx_generalized_initializers
    Feature record: CXX_FEATURE:1cxx_generic_lambdas
    Feature record: CXX_FEATURE:1cxx_inheriting_constructors
    Feature record: CXX_FEATURE:1cxx_inline_namespaces
    Feature record: CXX_FEATURE:1cxx_lambdas
    Feature record: CXX_FEATURE:1cxx_lambda_init_captures
    Feature record: CXX_FEATURE:1cxx_local_type_template_args
    Feature record: CXX_FEATURE:1cxx_long_long_type
    Feature record: CXX_FEATURE:1cxx_noexcept
    Feature record: CXX_FEATURE:1cxx_nonstatic_member_init
    Feature record: CXX_FEATURE:1cxx_nullptr
    Feature record: CXX_FEATURE:1cxx_override
    Feature record: CXX_FEATURE:1cxx_range_for
    Feature record: CXX_FEATURE:1cxx_raw_string_literals
    Feature record: CXX_FEATURE:1cxx_reference_qualified_functions
    Feature record: CXX_FEATURE:1cxx_relaxed_constexpr
    Feature record: CXX_FEATURE:1cxx_return_type_deduction
    Feature record: CXX_FEATURE:1cxx_right_angle_brackets
    Feature record: CXX_FEATURE:1cxx_rvalue_references
    Feature record: CXX_FEATURE:1cxx_sizeof_member
    Feature record: CXX_FEATURE:1cxx_static_assert
    Feature record: CXX_FEATURE:1cxx_strong_enums
    Feature record: CXX_FEATURE:1cxx_template_template_parameters
    Feature record: CXX_FEATURE:1cxx_thread_local
    Feature record: CXX_FEATURE:1cxx_trailing_return_types
    Feature record: CXX_FEATURE:1cxx_unicode_literals
    Feature record: CXX_FEATURE:1cxx_uniform_initialization
    Feature record: CXX_FEATURE:1cxx_unrestricted_unions
    Feature record: CXX_FEATURE:1cxx_user_literals
    Feature record: CXX_FEATURE:1cxx_variable_templates
    Feature record: CXX_FEATURE:1cxx_variadic_macros
    Feature record: CXX_FEATURE:1cxx_variadic_templates


Detecting CXX [-std=c++14] compiler features compiled with the following output:
Change Dir: /home/zhifei/Program_Data/HW_project/switch_fabric/build/CMakeFiles/CMakeTmp

Run Build Command(s):/usr/bin/gmake cmTC_e89f9/fast 
/usr/bin/gmake -f CMakeFiles/cmTC_e89f9.dir/build.make CMakeFiles/cmTC_e89f9.dir/build
gmake[1]: Entering directory `/local/home/zhifei/Program_Data/HW_project/switch_fabric/build/CMakeFiles/CMakeTmp'
Building CXX object CMakeFiles/cmTC_e89f9.dir/feature_tests.cxx.o
/home/zhifei/App/gcc91/bin/g++    -std=c++14 -o CMakeFiles/cmTC_e89f9.dir/feature_tests.cxx.o -c /home/zhifei/Program_Data/HW_project/switch_fabric/build/CMakeFiles/feature_tests.cxx
Linking CXX executable cmTC_e89f9
/home/zhifei/App/bin/cmake -E cmake_link_script CMakeFiles/cmTC_e89f9.dir/link.txt --verbose=1
/home/zhifei/App/gcc91/bin/g++       -rdynamic CMakeFiles/cmTC_e89f9.dir/feature_tests.cxx.o  -o cmTC_e89f9 
gmake[1]: Leaving directory `/local/home/zhifei/Program_Data/HW_project/switch_fabric/build/CMakeFiles/CMakeTmp'


    Feature record: CXX_FEATURE:1cxx_aggregate_default_initializers
    Feature record: CXX_FEATURE:1cxx_alias_templates
    Feature record: CXX_FEATURE:1cxx_alignas
    Feature record: CXX_FEATURE:1cxx_alignof
    Feature record: CXX_FEATURE:1cxx_attributes
    Feature record: CXX_FEATURE:1cxx_attribute_deprecated
    Feature record: CXX_FEATURE:1cxx_auto_type
    Feature record: CXX_FEATURE:1cxx_binary_literals
    Feature record: CXX_FEATURE:1cxx_constexpr
    Feature record: CXX_FEATURE:1cxx_contextual_conversions
    Feature record: CXX_FEATURE:1cxx_decltype
    Feature record: CXX_FEATURE:1cxx_decltype_auto
    Feature record: CXX_FEATURE:1cxx_decltype_incomplete_return_types
    Feature record: CXX_FEATURE:1cxx_default_function_template_args
    Feature record: CXX_FEATURE:1cxx_defaulted_functions
    Feature record: CXX_FEATURE:1cxx_defaulted_move_initializers
    Feature record: CXX_FEATURE:1cxx_delegating_constructors
    Feature record: CXX_FEATURE:1cxx_deleted_functions
    Feature record: CXX_FEATURE:1cxx_digit_separators
    Feature record: CXX_FEATURE:1cxx_enum_forward_declarations
    Feature record: CXX_FEATURE:1cxx_explicit_conversions
    Feature record: CXX_FEATURE:1cxx_extended_friend_declarations
    Feature record: CXX_FEATURE:1cxx_extern_templates
    Feature record: CXX_FEATURE:1cxx_final
    Feature record: CXX_FEATURE:1cxx_func_identifier
    Feature record: CXX_FEATURE:1cxx_generalized_initializers
    Feature record: CXX_FEATURE:1cxx_generic_lambdas
    Feature record: CXX_FEATURE:1cxx_inheriting_constructors
    Feature record: CXX_FEATURE:1cxx_inline_namespaces
    Feature record: CXX_FEATURE:1cxx_lambdas
    Feature record: CXX_FEATURE:1cxx_lambda_init_captures
    Feature record: CXX_FEATURE:1cxx_local_type_template_args
    Feature record: CXX_FEATURE:1cxx_long_long_type
    Feature record: CXX_FEATURE:1cxx_noexcept
    Feature record: CXX_FEATURE:1cxx_nonstatic_member_init
    Feature record: CXX_FEATURE:1cxx_nullptr
    Feature record: CXX_FEATURE:1cxx_override
    Feature record: CXX_FEATURE:1cxx_range_for
    Feature record: CXX_FEATURE:1cxx_raw_string_literals
    Feature record: CXX_FEATURE:1cxx_reference_qualified_functions
    Feature record: CXX_FEATURE:1cxx_relaxed_constexpr
    Feature record: CXX_FEATURE:1cxx_return_type_deduction
    Feature record: CXX_FEATURE:1cxx_right_angle_brackets
    Feature record: CXX_FEATURE:1cxx_rvalue_references
    Feature record: CXX_FEATURE:1cxx_sizeof_member
    Feature record: CXX_FEATURE:1cxx_static_assert
    Feature record: CXX_FEATURE:1cxx_strong_enums
    Feature record: CXX_FEATURE:1cxx_template_template_parameters
    Feature record: CXX_FEATURE:1cxx_thread_local
    Feature record: CXX_FEATURE:1cxx_trailing_return_types
    Feature record: CXX_FEATURE:1cxx_unicode_literals
    Feature record: CXX_FEATURE:1cxx_uniform_initialization
    Feature record: CXX_FEATURE:1cxx_unrestricted_unions
    Feature record: CXX_FEATURE:1cxx_user_literals
    Feature record: CXX_FEATURE:1cxx_variable_templates
    Feature record: CXX_FEATURE:1cxx_variadic_macros
    Feature record: CXX_FEATURE:1cxx_variadic_templates


Detecting CXX [-std=c++11] compiler features compiled with the following output:
Change Dir: /home/zhifei/Program_Data/HW_project/switch_fabric/build/CMakeFiles/CMakeTmp

Run Build Command(s):/usr/bin/gmake cmTC_8d28a/fast 
/usr/bin/gmake -f CMakeFiles/cmTC_8d28a.dir/build.make CMakeFiles/cmTC_8d28a.dir/build
gmake[1]: Entering directory `/local/home/zhifei/Program_Data/HW_project/switch_fabric/build/CMakeFiles/CMakeTmp'
Building CXX object CMakeFiles/cmTC_8d28a.dir/feature_tests.cxx.o
/home/zhifei/App/gcc91/bin/g++    -std=c++11 -o CMakeFiles/cmTC_8d28a.dir/feature_tests.cxx.o -c /home/zhifei/Program_Data/HW_project/switch_fabric/build/CMakeFiles/feature_tests.cxx
Linking CXX executable cmTC_8d28a
/home/zhifei/App/bin/cmake -E cmake_link_script CMakeFiles/cmTC_8d28a.dir/link.txt --verbose=1
/home/zhifei/App/gcc91/bin/g++       -rdynamic CMakeFiles/cmTC_8d28a.dir/feature_tests.cxx.o  -o cmTC_8d28a 
gmake[1]: Leaving directory `/local/home/zhifei/Program_Data/HW_project/switch_fabric/build/CMakeFiles/CMakeTmp'


    Feature record: CXX_FEATURE:0cxx_aggregate_default_initializers
    Feature record: CXX_FEATURE:1cxx_alias_templates
    Feature record: CXX_FEATURE:1cxx_alignas
    Feature record: CXX_FEATURE:1cxx_alignof
    Feature record: CXX_FEATURE:1cxx_attributes
    Feature record: CXX_FEATURE:0cxx_attribute_deprecated
    Feature record: CXX_FEATURE:1cxx_auto_type
    Feature record: CXX_FEATURE:0cxx_binary_literals
    Feature record: CXX_FEATURE:1cxx_constexpr
    Feature record: CXX_FEATURE:0cxx_contextual_conversions
    Feature record: CXX_FEATURE:1cxx_decltype
    Feature record: CXX_FEATURE:0cxx_decltype_auto
    Feature record: CXX_FEATURE:1cxx_decltype_incomplete_return_types
    Feature record: CXX_FEATURE:1cxx_default_function_template_args
    Feature record: CXX_FEATURE:1cxx_defaulted_functions
    Feature record: CXX_FEATURE:1cxx_defaulted_move_initializers
    Feature record: CXX_FEATURE:1cxx_delegating_constructors
    Feature record: CXX_FEATURE:1cxx_deleted_functions
    Feature record: CXX_FEATURE:0cxx_digit_separators
    Feature record: CXX_FEATURE:1cxx_enum_forward_declarations
    Feature record: CXX_FEATURE:1cxx_explicit_conversions
    Feature record: CXX_FEATURE:1cxx_extended_friend_declarations
    Feature record: CXX_FEATURE:1cxx_extern_templates
    Feature record: CXX_FEATURE:1cxx_final
    Feature record: CXX_FEATURE:1cxx_func_identifier
    Feature record: CXX_FEATURE:1cxx_generalized_initializers
    Feature record: CXX_FEATURE:0cxx_generic_lambdas
    Feature record: CXX_FEATURE:1cxx_inheriting_constructors
    Feature record: CXX_FEATURE:1cxx_inline_namespaces
    Feature record: CXX_FEATURE:1cxx_lambdas
    Feature record: CXX_FEATURE:0cxx_lambda_init_captures
    Feature record: CXX_FEATURE:1cxx_local_type_template_args
    Feature record: CXX_FEATURE:1cxx_long_long_type
    Feature record: CXX_FEATURE:1cxx_noexcept
    Feature record: CXX_FEATURE:1cxx_nonstatic_member_init
    Feature record: CXX_FEATURE:1cxx_nullptr
    Feature record: CXX_FEATURE:1cxx_override
    Feature record: CXX_FEATURE:1cxx_range_for
    Feature record: CXX_FEATURE:1cxx_raw_string_literals
    Feature record: CXX_FEATURE:1cxx_reference_qualified_functions
    Feature record: CXX_FEATURE:0cxx_relaxed_constexpr
    Feature record: CXX_FEATURE:0cxx_return_type_deduction
    Feature record: CXX_FEATURE:1cxx_right_angle_brackets
    Feature record: CXX_FEATURE:1cxx_rvalue_references
    Feature record: CXX_FEATURE:1cxx_sizeof_member
    Feature record: CXX_FEATURE:1cxx_static_assert
    Feature record: CXX_FEATURE:1cxx_strong_enums
    Feature record: CXX_FEATURE:1cxx_template_template_parameters
    Feature record: CXX_FEATURE:1cxx_thread_local
    Feature record: CXX_FEATURE:1cxx_trailing_return_types
    Feature record: CXX_FEATURE:1cxx_unicode_literals
    Feature record: CXX_FEATURE:1cxx_uniform_initialization
    Feature record: CXX_FEATURE:1cxx_unrestricted_unions
    Feature record: CXX_FEATURE:1cxx_user_literals
    Feature record: CXX_FEATURE:0cxx_variable_templates
    Feature record: CXX_FEATURE:1cxx_variadic_macros
    Feature record: CXX_FEATURE:1cxx_variadic_templates


Detecting CXX [-std=c++98] compiler features compiled with the following output:
Change Dir: /home/zhifei/Program_Data/HW_project/switch_fabric/build/CMakeFiles/CMakeTmp

Run Build Command(s):/usr/bin/gmake cmTC_40853/fast 
/usr/bin/gmake -f CMakeFiles/cmTC_40853.dir/build.make CMakeFiles/cmTC_40853.dir/build
gmake[1]: Entering directory `/local/home/zhifei/Program_Data/HW_project/switch_fabric/build/CMakeFiles/CMakeTmp'
Building CXX object CMakeFiles/cmTC_40853.dir/feature_tests.cxx.o
/home/zhifei/App/gcc91/bin/g++    -std=c++98 -o CMakeFiles/cmTC_40853.dir/feature_tests.cxx.o -c /home/zhifei/Program_Data/HW_project/switch_fabric/build/CMakeFiles/feature_tests.cxx
Linking CXX executable cmTC_40853
/home/zhifei/App/bin/cmake -E cmake_link_script CMakeFiles/cmTC_40853.dir/link.txt --verbose=1
/home/zhifei/App/gcc91/bin/g++       -rdynamic CMakeFiles/cmTC_40853.dir/feature_tests.cxx.o  -o cmTC_40853 
gmake[1]: Leaving directory `/local/home/zhifei/Program_Data/HW_project/switch_fabric/build/CMakeFiles/CMakeTmp'


    Feature record: CXX_FEATURE:0cxx_aggregate_default_initializers
    Feature record: CXX_FEATURE:0cxx_alias_templates
    Feature record: CXX_FEATURE:0cxx_alignas
    Feature record: CXX_FEATURE:0cxx_alignof
    Feature record: CXX_FEATURE:0cxx_attributes
    Feature record: CXX_FEATURE:0cxx_attribute_deprecated
    Feature record: CXX_FEATURE:0cxx_auto_type
    Feature record: CXX_FEATURE:0cxx_binary_literals
    Feature record: CXX_FEATURE:0cxx_constexpr
    Feature record: CXX_FEATURE:0cxx_contextual_conversions
    Feature record: CXX_FEATURE:0cxx_decltype
    Feature record: CXX_FEATURE:0cxx_decltype_auto
    Feature record: CXX_FEATURE:0cxx_decltype_incomplete_return_types
    Feature record: CXX_FEATURE:0cxx_default_function_template_args
    Feature record: CXX_FEATURE:0cxx_defaulted_functions
    Feature record: CXX_FEATURE:0cxx_defaulted_move_initializers
    Feature record: CXX_FEATURE:0cxx_delegating_constructors
    Feature record: CXX_FEATURE:0cxx_deleted_functions
    Feature record: CXX_FEATURE:0cxx_digit_separators
    Feature record: CXX_FEATURE:0cxx_enum_forward_declarations
    Feature record: CXX_FEATURE:0cxx_explicit_conversions
    Feature record: CXX_FEATURE:0cxx_extended_friend_declarations
    Feature record: CXX_FEATURE:0cxx_extern_templates
    Feature record: CXX_FEATURE:0cxx_final
    Feature record: CXX_FEATURE:0cxx_func_identifier
    Feature record: CXX_FEATURE:0cxx_generalized_initializers
    Feature record: CXX_FEATURE:0cxx_generic_lambdas
    Feature record: CXX_FEATURE:0cxx_inheriting_constructors
    Feature record: CXX_FEATURE:0cxx_inline_namespaces
    Feature record: CXX_FEATURE:0cxx_lambdas
    Feature record: CXX_FEATURE:0cxx_lambda_init_captures
    Feature record: CXX_FEATURE:0cxx_local_type_template_args
    Feature record: CXX_FEATURE:0cxx_long_long_type
    Feature record: CXX_FEATURE:0cxx_noexcept
    Feature record: CXX_FEATURE:0cxx_nonstatic_member_init
    Feature record: CXX_FEATURE:0cxx_nullptr
    Feature record: CXX_FEATURE:0cxx_override
    Feature record: CXX_FEATURE:0cxx_range_for
    Feature record: CXX_FEATURE:0cxx_raw_string_literals
    Feature record: CXX_FEATURE:0cxx_reference_qualified_functions
    Feature record: CXX_FEATURE:0cxx_relaxed_constexpr
    Feature record: CXX_FEATURE:0cxx_return_type_deduction
    Feature record: CXX_FEATURE:0cxx_right_angle_brackets
    Feature record: CXX_FEATURE:0cxx_rvalue_references
    Feature record: CXX_FEATURE:0cxx_sizeof_member
    Feature record: CXX_FEATURE:0cxx_static_assert
    Feature record: CXX_FEATURE:0cxx_strong_enums
    Feature record: CXX_FEATURE:1cxx_template_template_parameters
    Feature record: CXX_FEATURE:0cxx_thread_local
    Feature record: CXX_FEATURE:0cxx_trailing_return_types
    Feature record: CXX_FEATURE:0cxx_unicode_literals
    Feature record: CXX_FEATURE:0cxx_uniform_initialization
    Feature record: CXX_FEATURE:0cxx_unrestricted_unions
    Feature record: CXX_FEATURE:0cxx_user_literals
    Feature record: CXX_FEATURE:0cxx_variable_templates
    Feature record: CXX_FEATURE:0cxx_variadic_macros
    Feature record: CXX_FEATURE:0cxx_variadic_templates
